Using pre-set license
Built from '2021.3/staging' branch; Version is '2021.3.15f1 (e8e88683f834) revision 15263878'; Using compiler version '192829333'; Build Type 'Release'
OS: 'Windows 11  (10.0.22621) 64bit Professional' Language: 'tr' Physical Memory: 32661 MB
BatchMode: 1, IsHumanControllingUs: 0, StartBugReporterOnCrash: 0, Is64bit: 1, IsPro: 1

COMMAND LINE ARGUMENTS:
D:\Unity Editors\2021.3.15f1\Editor\Unity.exe
-adb2
-batchMode
-noUpm
-name
AssetImportWorker1
-projectPath
D:/Github Repositories/OUA_Bootcamp_U-101/OUA Akademi
-logFile
Logs/AssetImportWorker1.log
-srvPort
62865
Successfully changed project path to: D:/Github Repositories/OUA_Bootcamp_U-101/OUA Akademi
D:/Github Repositories/OUA_Bootcamp_U-101/OUA Akademi
[UnityMemory] Configuration Parameters - Can be set up in boot.config
    "memorysetup-bucket-allocator-granularity=16"
    "memorysetup-bucket-allocator-bucket-count=8"
    "memorysetup-bucket-allocator-block-size=33554432"
    "memorysetup-bucket-allocator-block-count=8"
    "memorysetup-main-allocator-block-size=16777216"
    "memorysetup-thread-allocator-block-size=16777216"
    "memorysetup-gfx-main-allocator-block-size=16777216"
    "memorysetup-gfx-thread-allocator-block-size=16777216"
    "memorysetup-cache-allocator-block-size=4194304"
    "memorysetup-typetree-allocator-block-size=2097152"
    "memorysetup-profiler-bucket-allocator-granularity=16"
    "memorysetup-profiler-bucket-allocator-bucket-count=8"
    "memorysetup-profiler-bucket-allocator-block-size=33554432"
    "memorysetup-profiler-bucket-allocator-block-count=8"
    "memorysetup-profiler-allocator-block-size=16777216"
    "memorysetup-profiler-editor-allocator-block-size=1048576"
    "memorysetup-temp-allocator-size-main=16777216"
    "memorysetup-job-temp-allocator-block-size=2097152"
    "memorysetup-job-temp-allocator-block-size-background=1048576"
    "memorysetup-job-temp-allocator-reduction-small-platforms=262144"
    "memorysetup-temp-allocator-size-background-worker=32768"
    "memorysetup-temp-allocator-size-job-worker=262144"
    "memorysetup-temp-allocator-size-preload-manager=33554432"
    "memorysetup-temp-allocator-size-nav-mesh-worker=65536"
    "memorysetup-temp-allocator-size-audio-worker=65536"
    "memorysetup-temp-allocator-size-cloud-worker=32768"
    "memorysetup-temp-allocator-size-gi-baking-worker=262144"
    "memorysetup-temp-allocator-size-gfx=262144"
Player connection [25768] Host "[IP] 192.168.1.25 [Port] 0 [Flags] 2 [Guid] 3808877079 [EditorId] 3808877079 [Version] 1048832 [Id] WindowsEditor(7,DESKTOP-G7AVDVB) [Debug] 1 [PackageName] WindowsEditor [ProjectName] Editor" joined multi-casting on [225.0.0.222:54997]...

Player connection [25768] Host "[IP] 192.168.1.25 [Port] 0 [Flags] 2 [Guid] 3808877079 [EditorId] 3808877079 [Version] 1048832 [Id] WindowsEditor(7,DESKTOP-G7AVDVB) [Debug] 1 [PackageName] WindowsEditor [ProjectName] Editor" joined alternative multi-casting on [225.0.0.222:34997]...

Refreshing native plugins compatible for Editor in 100.02 ms, found 4 plugins.
Preloading 0 native plugins for Editor in 0.00 ms.
Initialize engine version: 2021.3.15f1 (e8e88683f834)
[Subsystems] Discovering subsystems at path D:/Unity Editors/2021.3.15f1/Editor/Data/Resources/UnitySubsystems
[Subsystems] Discovering subsystems at path D:/Github Repositories/OUA_Bootcamp_U-101/OUA Akademi/Assets
GfxDevice: creating device client; threaded=0; jobified=0
Direct3D:
    Version:  Direct3D 11.0 [level 11.1]
    Renderer: NVIDIA GeForce GTX 1070 (ID=0x1b81)
    Vendor:   NVIDIA
    VRAM:     8081 MB
    Driver:   31.0.15.3640
Initialize mono
Mono path[0] = 'D:/Unity Editors/2021.3.15f1/Editor/Data/Managed'
Mono path[1] = 'D:/Unity Editors/2021.3.15f1/Editor/Data/MonoBleedingEdge/lib/mono/unityjit-win32'
Mono config path = 'D:/Unity Editors/2021.3.15f1/Editor/Data/MonoBleedingEdge/etc'
Using monoOptions --debugger-agent=transport=dt_socket,embedding=1,server=y,suspend=n,address=127.0.0.1:56412
Begin MonoManager ReloadAssembly
Registering precompiled unity dll's ...
Register platform support module: D:/Unity Editors/2021.3.15f1/Editor/Data/PlaybackEngines/AndroidPlayer/UnityEditor.Android.Extensions.dll
Register platform support module: D:/Unity Editors/2021.3.15f1/Editor/Data/PlaybackEngines/iOSSupport/UnityEditor.iOS.Extensions.dll
Register platform support module: D:/Unity Editors/2021.3.15f1/Editor/Data/PlaybackEngines/WindowsStandaloneSupport/UnityEditor.WindowsStandalone.Extensions.dll
Registered in 0.002199 seconds.
Native extension for WindowsStandalone target not found
[usbmuxd] Start listen thread
[usbmuxd] Listen thread started
Native extension for iOS target not found
Native extension for Android target not found
Refreshing native plugins compatible for Editor in 86.94 ms, found 4 plugins.
Preloading 0 native plugins for Editor in 0.00 ms.
Mono: successfully reloaded assembly
- Completed reload, in  0.569 seconds
Domain Reload Profiling:
	ReloadAssembly (569ms)
		BeginReloadAssembly (72ms)
			ExecutionOrderSort (0ms)
			DisableScriptedObjects (0ms)
			BackupInstance (0ms)
			ReleaseScriptingObjects (0ms)
			CreateAndSetChildDomain (1ms)
		EndReloadAssembly (413ms)
			LoadAssemblies (72ms)
			RebuildTransferFunctionScriptingTraits (0ms)
			SetupTypeCache (89ms)
			ReleaseScriptCaches (0ms)
			RebuildScriptCaches (25ms)
			SetupLoadedEditorAssemblies (258ms)
				LogAssemblyErrors (0ms)
				InitializePlatformSupportModulesInManaged (49ms)
				SetLoadedEditorAssemblies (0ms)
				RefreshPlugins (87ms)
				BeforeProcessingInitializeOnLoad (1ms)
				ProcessInitializeOnLoadAttributes (84ms)
				ProcessInitializeOnLoadMethodAttributes (36ms)
				AfterProcessingInitializeOnLoad (0ms)
				EditorAssembliesLoaded (0ms)
			ExecutionOrderSort2 (0ms)
			AwakeInstancesAfterBackupRestoration (0ms)
Platform modules already initialized, skipping
Registering precompiled user dll's ...
Registered in 0.006129 seconds.
Begin MonoManager ReloadAssembly
Symbol file LoadedFromMemory doesn't match image D:\Github Repositories\OUA_Bootcamp_U-101\OUA Akademi\Library\PackageCache\com.unity.visualscripting@1.7.8\Editor\VisualScripting.Core\Dependencies\YamlDotNet\Unity.VisualScripting.YamlDotNet.dll
Symbol file LoadedFromMemory doesn't match image D:\Github Repositories\OUA_Bootcamp_U-101\OUA Akademi\Library\PackageCache\com.unity.visualscripting@1.7.8\Editor\VisualScripting.Core\Dependencies\DotNetZip\Unity.VisualScripting.IonicZip.dll
Native extension for WindowsStandalone target not found
Native extension for iOS target not found
Native extension for Android target not found
Refreshing native plugins compatible for Editor in 82.08 ms, found 4 plugins.
Preloading 0 native plugins for Editor in 0.00 ms.
Mono: successfully reloaded assembly
- Completed reload, in  1.289 seconds
Domain Reload Profiling:
	ReloadAssembly (1290ms)
		BeginReloadAssembly (214ms)
			ExecutionOrderSort (0ms)
			DisableScriptedObjects (5ms)
			BackupInstance (0ms)
			ReleaseScriptingObjects (0ms)
			CreateAndSetChildDomain (124ms)
		EndReloadAssembly (990ms)
			LoadAssemblies (101ms)
			RebuildTransferFunctionScriptingTraits (0ms)
			SetupTypeCache (202ms)
			ReleaseScriptCaches (1ms)
			RebuildScriptCaches (64ms)
			SetupLoadedEditorAssemblies (593ms)
				LogAssemblyErrors (0ms)
				InitializePlatformSupportModulesInManaged (17ms)
				SetLoadedEditorAssemblies (0ms)
				RefreshPlugins (82ms)
				BeforeProcessingInitializeOnLoad (80ms)
				ProcessInitializeOnLoadAttributes (378ms)
				ProcessInitializeOnLoadMethodAttributes (34ms)
				AfterProcessingInitializeOnLoad (2ms)
				EditorAssembliesLoaded (0ms)
			ExecutionOrderSort2 (0ms)
			AwakeInstancesAfterBackupRestoration (4ms)
Platform modules already initialized, skipping
========================================================================
Worker process is ready to serve import requests
Launched and connected shader compiler UnityShaderCompiler.exe after 0.04 seconds
Refreshing native plugins compatible for Editor in 1.07 ms, found 4 plugins.
Preloading 0 native plugins for Editor in 0.00 ms.
Unloading 4224 Unused Serialized files (Serialized files now loaded: 0)
Unloading 57 unused Assets / (299.8 KB). Loaded Objects now: 4677.
Memory consumption went from 160.0 MB to 159.7 MB.
Total: 4.471500 ms (FindLiveObjects: 0.522700 ms CreateObjectMapping: 0.124900 ms MarkObjects: 3.603400 ms  DeleteObjects: 0.219300 ms)

AssetImportParameters requested are different than current active one (requested -> active):
  custom:video-decoder-ogg-theora: a1e56fd34408186e4bbccfd4996cb3dc -> 
  custom:container-muxer-webm: aa71ff27fc2769a1b78a27578f13a17b -> 
  custom:container-demuxer-webm: 4f35f7cbe854078d1ac9338744f61a02 -> 
  custom:video-encoder-webm-vp8: eb34c28f22e8b96e1ab97ce403110664 -> 
  custom:audio-encoder-webm-vorbis: bf7c407c2cedff20999df2af8eb42d56 -> 
  custom:framework-win-MediaFoundation: 216162199b28c13a410421893ffa2e32 -> 
  custom:container-demuxer-ogg: 62fdf1f143b41e24485cea50d1cbac27 -> 
  custom:video-decoder-webm-vp8: 9c59270c3fd7afecdb556c50c9e8de78 -> 
  custom:audio-decoder-ogg-vorbis: bf7c407c2cedff20999df2af8eb42d56 -> 
========================================================================
Received Import Request.
  Time since last request: 77461.977487 seconds.
  path: Assets/RPG&Fantasy Mobile GUI
  artifactKey: Guid(ca20e33e3fb0d95489b93378c7adf642) Importer(815301076,1909f56bfc062723c751e8b465ee728b)
Start importing Assets/RPG&Fantasy Mobile GUI using Guid(ca20e33e3fb0d95489b93378c7adf642) Importer(815301076,1909f56bfc062723c751e8b465ee728b)  -> (artifact id: 'b369bc35e1190aa77ffc750ece37d594') in 0.019286 seconds 
========================================================================
Received Import Request.
  Time since last request: 6.543205 seconds.
  path: Assets/RPG&Fantasy Mobile GUI/buttons/button_24.png
  artifactKey: Guid(fb4977fc70327a5c9bf748a061877f1e) Importer(815301076,1909f56bfc062723c751e8b465ee728b)
Start importing Assets/RPG&Fantasy Mobile GUI/buttons/button_24.png using Guid(fb4977fc70327a5c9bf748a061877f1e) Importer(815301076,1909f56bfc062723c751e8b465ee728b)  -> (artifact id: 'f85d7a4fe1b87a2324d7cdc2355a79fb') in 0.162191 seconds 
========================================================================
Received Import Request.
  Time since last request: 0.000019 seconds.
  path: Assets/RPG&Fantasy Mobile GUI/buttons/button_28.png
  artifactKey: Guid(611c151fd7be6b38dbc2ea285af69330) Importer(815301076,1909f56bfc062723c751e8b465ee728b)
Start importing Assets/RPG&Fantasy Mobile GUI/buttons/button_28.png using Guid(611c151fd7be6b38dbc2ea285af69330) Importer(815301076,1909f56bfc062723c751e8b465ee728b)  -> (artifact id: '57cf033e92e058bc8eaad05444caa6eb') in 0.022310 seconds 
========================================================================
Received Import Request.
  Time since last request: 0.000033 seconds.
  path: Assets/RPG&Fantasy Mobile GUI/buttons/button_27.png
  artifactKey: Guid(c15c7ceb0e1aa97a8be0a6158050e317) Importer(815301076,1909f56bfc062723c751e8b465ee728b)
Start importing Assets/RPG&Fantasy Mobile GUI/buttons/button_27.png using Guid(c15c7ceb0e1aa97a8be0a6158050e317) Importer(815301076,1909f56bfc062723c751e8b465ee728b)  -> (artifact id: 'bdb0e2c0393da34e40aa27b28a441a7f') in 0.022035 seconds 
========================================================================
Received Import Request.
  Time since last request: 0.000017 seconds.
  path: Assets/RPG&Fantasy Mobile GUI/buttons/button_pressed_05.png
  artifactKey: Guid(5abbf79d5e0bc5f14ae559c8433e0106) Importer(815301076,1909f56bfc062723c751e8b465ee728b)
Start importing Assets/RPG&Fantasy Mobile GUI/buttons/button_pressed_05.png using Guid(5abbf79d5e0bc5f14ae559c8433e0106) Importer(815301076,1909f56bfc062723c751e8b465ee728b)  -> (artifact id: '6fe45a7a88eab353445c9e1d78926eb0') in 0.021717 seconds 
========================================================================
Received Import Request.
  Time since last request: 0.000030 seconds.
  path: Assets/RPG&Fantasy Mobile GUI/buttons/button_35.png
  artifactKey: Guid(1576c3618f407c580a82ae61707e204a) Importer(815301076,1909f56bfc062723c751e8b465ee728b)
Start importing Assets/RPG&Fantasy Mobile GUI/buttons/button_35.png using Guid(1576c3618f407c580a82ae61707e204a) Importer(815301076,1909f56bfc062723c751e8b465ee728b)  -> (artifact id: '974d67346002751d224725e86a21ea1c') in 0.026237 seconds 
========================================================================
Received Import Request.
  Time since last request: 0.000023 seconds.
  path: Assets/RPG&Fantasy Mobile GUI/buttons/button_pressed_10.png
  artifactKey: Guid(3bbbd6c08a60774e89c4c4ca6332bc0f) Importer(815301076,1909f56bfc062723c751e8b465ee728b)
Start importing Assets/RPG&Fantasy Mobile GUI/buttons/button_pressed_10.png using Guid(3bbbd6c08a60774e89c4c4ca6332bc0f) Importer(815301076,1909f56bfc062723c751e8b465ee728b)  -> (artifact id: '098779fc4f80e37bffb24fef02da754a') in 0.022848 seconds 
========================================================================
Received Import Request.
  Time since last request: 0.000020 seconds.
  path: Assets/RPG&Fantasy Mobile GUI/buttons/button_25.png
  artifactKey: Guid(bfad6529dac651e61aba14747dc5c2d1) Importer(815301076,1909f56bfc062723c751e8b465ee728b)
Start importing Assets/RPG&Fantasy Mobile GUI/buttons/button_25.png using Guid(bfad6529dac651e61aba14747dc5c2d1) Importer(815301076,1909f56bfc062723c751e8b465ee728b)  -> (artifact id: '4c812572fa3d988e29af8ad3f5e52677') in 0.023813 seconds 
========================================================================
Received Import Request.
  Time since last request: 0.000018 seconds.
  path: Assets/RPG&Fantasy Mobile GUI/buttons/button_26.png
  artifactKey: Guid(b8cd989331fac3cf69d0866b8253dd9c) Importer(815301076,1909f56bfc062723c751e8b465ee728b)
Start importing Assets/RPG&Fantasy Mobile GUI/buttons/button_26.png using Guid(b8cd989331fac3cf69d0866b8253dd9c) Importer(815301076,1909f56bfc062723c751e8b465ee728b)  -> (artifact id: '7f6371f874dd79f311523ef68f3f5261') in 0.022804 seconds 
========================================================================
Received Import Request.
  Time since last request: 0.000022 seconds.
  path: Assets/RPG&Fantasy Mobile GUI/buttons/button_30.png
  artifactKey: Guid(007f6d5f48b7f588e9dfee6c336afd02) Importer(815301076,1909f56bfc062723c751e8b465ee728b)
Start importing Assets/RPG&Fantasy Mobile GUI/buttons/button_30.png using Guid(007f6d5f48b7f588e9dfee6c336afd02) Importer(815301076,1909f56bfc062723c751e8b465ee728b)  -> (artifact id: '1c44a902af1ab6cba7afefa4a7af8945') in 0.026578 seconds 
========================================================================
Received Import Request.
  Time since last request: 0.000030 seconds.
  path: Assets/RPG&Fantasy Mobile GUI/buttons/button_34.png
  artifactKey: Guid(161af26c76133ea82a29b2fcd2ff3ada) Importer(815301076,1909f56bfc062723c751e8b465ee728b)
Start importing Assets/RPG&Fantasy Mobile GUI/buttons/button_34.png using Guid(161af26c76133ea82a29b2fcd2ff3ada) Importer(815301076,1909f56bfc062723c751e8b465ee728b)  -> (artifact id: 'd836c978899562ed532aed997f1aafd7') in 0.030061 seconds 
========================================================================
Received Import Request.
  Time since last request: 0.000036 seconds.
  path: Assets/RPG&Fantasy Mobile GUI/buttons/button_pressed_03.png
  artifactKey: Guid(76bd964e74f078a368807168d2bae272) Importer(815301076,1909f56bfc062723c751e8b465ee728b)
Start importing Assets/RPG&Fantasy Mobile GUI/buttons/button_pressed_03.png using Guid(76bd964e74f078a368807168d2bae272) Importer(815301076,1909f56bfc062723c751e8b465ee728b)  -> (artifact id: '068c8968e5a5555f00cd2547e7a3c883') in 0.024262 seconds 
========================================================================
Received Prepare
Registering precompiled user dll's ...
Registered in 0.006038 seconds.
Begin MonoManager ReloadAssembly
Symbol file LoadedFromMemory doesn't match image D:\Github Repositories\OUA_Bootcamp_U-101\OUA Akademi\Library\PackageCache\com.unity.visualscripting@1.7.8\Editor\VisualScripting.Core\Dependencies\YamlDotNet\Unity.VisualScripting.YamlDotNet.dll
Symbol file LoadedFromMemory doesn't match image D:\Github Repositories\OUA_Bootcamp_U-101\OUA Akademi\Library\PackageCache\com.unity.visualscripting@1.7.8\Editor\VisualScripting.Core\Dependencies\DotNetZip\Unity.VisualScripting.IonicZip.dll
Native extension for WindowsStandalone target not found
Native extension for iOS target not found
Native extension for Android target not found
Refreshing native plugins compatible for Editor in 1.86 ms, found 4 plugins.
Preloading 0 native plugins for Editor in 0.00 ms.
Mono: successfully reloaded assembly
- Completed reload, in  1.075 seconds
Domain Reload Profiling:
	ReloadAssembly (1076ms)
		BeginReloadAssembly (153ms)
			ExecutionOrderSort (0ms)
			DisableScriptedObjects (6ms)
			BackupInstance (0ms)
			ReleaseScriptingObjects (0ms)
			CreateAndSetChildDomain (45ms)
		EndReloadAssembly (846ms)
			LoadAssemblies (115ms)
			RebuildTransferFunctionScriptingTraits (0ms)
			SetupTypeCache (203ms)
			ReleaseScriptCaches (2ms)
			RebuildScriptCaches (50ms)
			SetupLoadedEditorAssemblies (471ms)
				LogAssemblyErrors (0ms)
				InitializePlatformSupportModulesInManaged (26ms)
				SetLoadedEditorAssemblies (1ms)
				RefreshPlugins (2ms)
				BeforeProcessingInitializeOnLoad (62ms)
				ProcessInitializeOnLoadAttributes (343ms)
				ProcessInitializeOnLoadMethodAttributes (36ms)
				AfterProcessingInitializeOnLoad (2ms)
				EditorAssembliesLoaded (0ms)
			ExecutionOrderSort2 (0ms)
			AwakeInstancesAfterBackupRestoration (6ms)
Platform modules already initialized, skipping
Refreshing native plugins compatible for Editor in 2.62 ms, found 4 plugins.
Preloading 0 native plugins for Editor in 0.00 ms.
Unloading 4206 Unused Serialized files (Serialized files now loaded: 0)
Unloading 32 unused Assets / (266.2 KB). Loaded Objects now: 4699.
Memory consumption went from 162.9 MB to 162.6 MB.
Total: 3.639200 ms (FindLiveObjects: 0.273100 ms CreateObjectMapping: 0.084300 ms MarkObjects: 3.114700 ms  DeleteObjects: 0.166300 ms)

AssetImportParameters requested are different than current active one (requested -> active):
  custom:video-decoder-ogg-theora: a1e56fd34408186e4bbccfd4996cb3dc -> 
  custom:container-muxer-webm: aa71ff27fc2769a1b78a27578f13a17b -> 
  custom:container-demuxer-webm: 4f35f7cbe854078d1ac9338744f61a02 -> 
  custom:video-encoder-webm-vp8: eb34c28f22e8b96e1ab97ce403110664 -> 
  custom:audio-encoder-webm-vorbis: bf7c407c2cedff20999df2af8eb42d56 -> 
  custom:framework-win-MediaFoundation: 216162199b28c13a410421893ffa2e32 -> 
  custom:container-demuxer-ogg: 62fdf1f143b41e24485cea50d1cbac27 -> 
  custom:video-decoder-webm-vp8: 9c59270c3fd7afecdb556c50c9e8de78 -> 
  custom:audio-decoder-ogg-vorbis: bf7c407c2cedff20999df2af8eb42d56 -> 
========================================================================
Received Import Request.
  Time since last request: 41.980610 seconds.
  path: Assets/3rd Party/NeonShapes/NeonBlueCircle.prefab
  artifactKey: Guid(abd7df1f756577f4bba76933969e9445) Importer(815301076,1909f56bfc062723c751e8b465ee728b)
Start importing Assets/3rd Party/NeonShapes/NeonBlueCircle.prefab using Guid(abd7df1f756577f4bba76933969e9445) Importer(815301076,1909f56bfc062723c751e8b465ee728b)  -> (artifact id: '3f71e00c5dda95c51924ce396f61fe4b') in 0.038686 seconds 
========================================================================
Received Import Request.
  Time since last request: 0.000028 seconds.
  path: Assets/3rd Party/NeonShapes/NeonGreenSquare.prefab
  artifactKey: Guid(a5d528f63beb2d341b3a6772b74f0370) Importer(815301076,1909f56bfc062723c751e8b465ee728b)
Start importing Assets/3rd Party/NeonShapes/NeonGreenSquare.prefab using Guid(a5d528f63beb2d341b3a6772b74f0370) Importer(815301076,1909f56bfc062723c751e8b465ee728b)  -> (artifact id: '738dc6a009f3a5adaf5e0f231f76884d') in 0.013192 seconds 
========================================================================
Received Import Request.
  Time since last request: 0.000045 seconds.
  path: Assets/3rd Party/NeonShapes/RedBlast.prefab
  artifactKey: Guid(4ce806bd6d1ee1e4d86921019641ae48) Importer(815301076,1909f56bfc062723c751e8b465ee728b)
Start importing Assets/3rd Party/NeonShapes/RedBlast.prefab using Guid(4ce806bd6d1ee1e4d86921019641ae48) Importer(815301076,1909f56bfc062723c751e8b465ee728b)  -> (artifact id: '8167d73d82937028ce60c7460804a8e4') in 0.104572 seconds 
========================================================================
Received Import Request.
  Time since last request: 0.000029 seconds.
  path: Assets/3rd Party/NeonShapes/NeonRedSquare.prefab
  artifactKey: Guid(1936811a43f57bd4a874dd0d96a711fc) Importer(815301076,1909f56bfc062723c751e8b465ee728b)
Start importing Assets/3rd Party/NeonShapes/NeonRedSquare.prefab using Guid(1936811a43f57bd4a874dd0d96a711fc) Importer(815301076,1909f56bfc062723c751e8b465ee728b)  -> (artifact id: '7197366f04ff22109d68aa7fbe87c8ad') in 0.013079 seconds 
========================================================================
Received Prepare
Registering precompiled user dll's ...
Registered in 0.005617 seconds.
Begin MonoManager ReloadAssembly
Symbol file LoadedFromMemory doesn't match image D:\Github Repositories\OUA_Bootcamp_U-101\OUA Akademi\Library\PackageCache\com.unity.visualscripting@1.7.8\Editor\VisualScripting.Core\Dependencies\YamlDotNet\Unity.VisualScripting.YamlDotNet.dll
Symbol file LoadedFromMemory doesn't match image D:\Github Repositories\OUA_Bootcamp_U-101\OUA Akademi\Library\PackageCache\com.unity.visualscripting@1.7.8\Editor\VisualScripting.Core\Dependencies\DotNetZip\Unity.VisualScripting.IonicZip.dll
Native extension for WindowsStandalone target not found
Native extension for iOS target not found
Native extension for Android target not found
Refreshing native plugins compatible for Editor in 1.13 ms, found 4 plugins.
Preloading 0 native plugins for Editor in 0.00 ms.
Mono: successfully reloaded assembly
- Completed reload, in  1.009 seconds
Domain Reload Profiling:
	ReloadAssembly (1010ms)
		BeginReloadAssembly (131ms)
			ExecutionOrderSort (0ms)
			DisableScriptedObjects (5ms)
			BackupInstance (0ms)
			ReleaseScriptingObjects (0ms)
			CreateAndSetChildDomain (42ms)
		EndReloadAssembly (807ms)
			LoadAssemblies (95ms)
			RebuildTransferFunctionScriptingTraits (0ms)
			SetupTypeCache (188ms)
			ReleaseScriptCaches (2ms)
			RebuildScriptCaches (42ms)
			SetupLoadedEditorAssemblies (461ms)
				LogAssemblyErrors (0ms)
				InitializePlatformSupportModulesInManaged (27ms)
				SetLoadedEditorAssemblies (0ms)
				RefreshPlugins (1ms)
				BeforeProcessingInitializeOnLoad (60ms)
				ProcessInitializeOnLoadAttributes (340ms)
				ProcessInitializeOnLoadMethodAttributes (30ms)
				AfterProcessingInitializeOnLoad (2ms)
				EditorAssembliesLoaded (0ms)
			ExecutionOrderSort2 (0ms)
			AwakeInstancesAfterBackupRestoration (6ms)
Platform modules already initialized, skipping
Refreshing native plugins compatible for Editor in 2.34 ms, found 4 plugins.
Preloading 0 native plugins for Editor in 0.00 ms.
Unloading 4206 Unused Serialized files (Serialized files now loaded: 0)
Unloading 34 unused Assets / (267.4 KB). Loaded Objects now: 4719.
Memory consumption went from 163.0 MB to 162.8 MB.
Total: 4.663500 ms (FindLiveObjects: 0.286800 ms CreateObjectMapping: 0.090100 ms MarkObjects: 4.087800 ms  DeleteObjects: 0.197600 ms)

AssetImportParameters requested are different than current active one (requested -> active):
  custom:video-decoder-ogg-theora: a1e56fd34408186e4bbccfd4996cb3dc -> 
  custom:container-muxer-webm: aa71ff27fc2769a1b78a27578f13a17b -> 
  custom:container-demuxer-webm: 4f35f7cbe854078d1ac9338744f61a02 -> 
  custom:video-encoder-webm-vp8: eb34c28f22e8b96e1ab97ce403110664 -> 
  custom:audio-encoder-webm-vorbis: bf7c407c2cedff20999df2af8eb42d56 -> 
  custom:framework-win-MediaFoundation: 216162199b28c13a410421893ffa2e32 -> 
  custom:container-demuxer-ogg: 62fdf1f143b41e24485cea50d1cbac27 -> 
  custom:video-decoder-webm-vp8: 9c59270c3fd7afecdb556c50c9e8de78 -> 
  custom:audio-decoder-ogg-vorbis: bf7c407c2cedff20999df2af8eb42d56 -> 
========================================================================
Received Prepare
Registering precompiled user dll's ...
Registered in 0.005849 seconds.
Begin MonoManager ReloadAssembly
Symbol file LoadedFromMemory doesn't match image D:\Github Repositories\OUA_Bootcamp_U-101\OUA Akademi\Library\PackageCache\com.unity.visualscripting@1.7.8\Editor\VisualScripting.Core\Dependencies\YamlDotNet\Unity.VisualScripting.YamlDotNet.dll
Symbol file LoadedFromMemory doesn't match image D:\Github Repositories\OUA_Bootcamp_U-101\OUA Akademi\Library\PackageCache\com.unity.visualscripting@1.7.8\Editor\VisualScripting.Core\Dependencies\DotNetZip\Unity.VisualScripting.IonicZip.dll
Native extension for WindowsStandalone target not found
Native extension for iOS target not found
Native extension for Android target not found
Refreshing native plugins compatible for Editor in 1.96 ms, found 4 plugins.
Preloading 0 native plugins for Editor in 0.00 ms.
Mono: successfully reloaded assembly
- Completed reload, in  1.083 seconds
Domain Reload Profiling:
	ReloadAssembly (1084ms)
		BeginReloadAssembly (146ms)
			ExecutionOrderSort (0ms)
			DisableScriptedObjects (5ms)
			BackupInstance (0ms)
			ReleaseScriptingObjects (0ms)
			CreateAndSetChildDomain (47ms)
		EndReloadAssembly (856ms)
			LoadAssemblies (106ms)
			RebuildTransferFunctionScriptingTraits (0ms)
			SetupTypeCache (206ms)
			ReleaseScriptCaches (2ms)
			RebuildScriptCaches (48ms)
			SetupLoadedEditorAssemblies (477ms)
				LogAssemblyErrors (0ms)
				InitializePlatformSupportModulesInManaged (25ms)
				SetLoadedEditorAssemblies (1ms)
				RefreshPlugins (2ms)
				BeforeProcessingInitializeOnLoad (63ms)
				ProcessInitializeOnLoadAttributes (353ms)
				ProcessInitializeOnLoadMethodAttributes (31ms)
				AfterProcessingInitializeOnLoad (2ms)
				EditorAssembliesLoaded (0ms)
			ExecutionOrderSort2 (0ms)
			AwakeInstancesAfterBackupRestoration (7ms)
Platform modules already initialized, skipping
Refreshing native plugins compatible for Editor in 2.59 ms, found 4 plugins.
Preloading 0 native plugins for Editor in 0.00 ms.
Unloading 4206 Unused Serialized files (Serialized files now loaded: 0)
Unloading 32 unused Assets / (266.5 KB). Loaded Objects now: 4734.
Memory consumption went from 163.1 MB to 162.8 MB.
Total: 3.523300 ms (FindLiveObjects: 0.281500 ms CreateObjectMapping: 0.087900 ms MarkObjects: 2.973000 ms  DeleteObjects: 0.179700 ms)

AssetImportParameters requested are different than current active one (requested -> active):
  custom:video-decoder-ogg-theora: a1e56fd34408186e4bbccfd4996cb3dc -> 
  custom:container-muxer-webm: aa71ff27fc2769a1b78a27578f13a17b -> 
  custom:container-demuxer-webm: 4f35f7cbe854078d1ac9338744f61a02 -> 
  custom:video-encoder-webm-vp8: eb34c28f22e8b96e1ab97ce403110664 -> 
  custom:audio-encoder-webm-vorbis: bf7c407c2cedff20999df2af8eb42d56 -> 
  custom:framework-win-MediaFoundation: 216162199b28c13a410421893ffa2e32 -> 
  custom:container-demuxer-ogg: 62fdf1f143b41e24485cea50d1cbac27 -> 
  custom:video-decoder-webm-vp8: 9c59270c3fd7afecdb556c50c9e8de78 -> 
  custom:audio-decoder-ogg-vorbis: bf7c407c2cedff20999df2af8eb42d56 -> 
========================================================================
Received Prepare
Registering precompiled user dll's ...
Registered in 0.006131 seconds.
Begin MonoManager ReloadAssembly
Symbol file LoadedFromMemory doesn't match image D:\Github Repositories\OUA_Bootcamp_U-101\OUA Akademi\Library\PackageCache\com.unity.visualscripting@1.7.8\Editor\VisualScripting.Core\Dependencies\YamlDotNet\Unity.VisualScripting.YamlDotNet.dll
Symbol file LoadedFromMemory doesn't match image D:\Github Repositories\OUA_Bootcamp_U-101\OUA Akademi\Library\PackageCache\com.unity.visualscripting@1.7.8\Editor\VisualScripting.Core\Dependencies\DotNetZip\Unity.VisualScripting.IonicZip.dll
Native extension for WindowsStandalone target not found
Native extension for iOS target not found
Native extension for Android target not found
Refreshing native plugins compatible for Editor in 1.20 ms, found 4 plugins.
Preloading 0 native plugins for Editor in 0.00 ms.
Mono: successfully reloaded assembly
- Completed reload, in  1.100 seconds
Domain Reload Profiling:
	ReloadAssembly (1101ms)
		BeginReloadAssembly (130ms)
			ExecutionOrderSort (0ms)
			DisableScriptedObjects (6ms)
			BackupInstance (0ms)
			ReleaseScriptingObjects (0ms)
			CreateAndSetChildDomain (40ms)
		EndReloadAssembly (900ms)
			LoadAssemblies (96ms)
			RebuildTransferFunctionScriptingTraits (0ms)
			SetupTypeCache (215ms)
			ReleaseScriptCaches (1ms)
			RebuildScriptCaches (47ms)
			SetupLoadedEditorAssemblies (516ms)
				LogAssemblyErrors (0ms)
				InitializePlatformSupportModulesInManaged (26ms)
				SetLoadedEditorAssemblies (0ms)
				RefreshPlugins (1ms)
				BeforeProcessingInitializeOnLoad (67ms)
				ProcessInitializeOnLoadAttributes (382ms)
				ProcessInitializeOnLoadMethodAttributes (36ms)
				AfterProcessingInitializeOnLoad (3ms)
				EditorAssembliesLoaded (0ms)
			ExecutionOrderSort2 (0ms)
			AwakeInstancesAfterBackupRestoration (7ms)
Platform modules already initialized, skipping
Refreshing native plugins compatible for Editor in 2.32 ms, found 4 plugins.
Preloading 0 native plugins for Editor in 0.00 ms.
Unloading 4206 Unused Serialized files (Serialized files now loaded: 0)
Unloading 32 unused Assets / (266.4 KB). Loaded Objects now: 4749.
Memory consumption went from 163.1 MB to 162.8 MB.
Total: 3.722900 ms (FindLiveObjects: 0.285000 ms CreateObjectMapping: 0.088400 ms MarkObjects: 2.978000 ms  DeleteObjects: 0.370400 ms)

AssetImportParameters requested are different than current active one (requested -> active):
  custom:video-decoder-ogg-theora: a1e56fd34408186e4bbccfd4996cb3dc -> 
  custom:container-muxer-webm: aa71ff27fc2769a1b78a27578f13a17b -> 
  custom:container-demuxer-webm: 4f35f7cbe854078d1ac9338744f61a02 -> 
  custom:video-encoder-webm-vp8: eb34c28f22e8b96e1ab97ce403110664 -> 
  custom:audio-encoder-webm-vorbis: bf7c407c2cedff20999df2af8eb42d56 -> 
  custom:framework-win-MediaFoundation: 216162199b28c13a410421893ffa2e32 -> 
  custom:container-demuxer-ogg: 62fdf1f143b41e24485cea50d1cbac27 -> 
  custom:video-decoder-webm-vp8: 9c59270c3fd7afecdb556c50c9e8de78 -> 
  custom:audio-decoder-ogg-vorbis: bf7c407c2cedff20999df2af8eb42d56 -> 
========================================================================
Received Import Request.
  Time since last request: 904.571518 seconds.
  path: Assets/Atilla/Textures/gothicvania church files/SPRITES/wizard/previews/idle.gif
  artifactKey: Guid(2eee65d0ab4f1084399e4efe863900a2) Importer(815301076,1909f56bfc062723c751e8b465ee728b)
Start importing Assets/Atilla/Textures/gothicvania church files/SPRITES/wizard/previews/idle.gif using Guid(2eee65d0ab4f1084399e4efe863900a2) Importer(815301076,1909f56bfc062723c751e8b465ee728b)  -> (artifact id: '4b023be3b6152dd72d0b1fc91000fda3') in 0.073256 seconds 
========================================================================
Received Import Request.
  Time since last request: 0.000030 seconds.
  path: Assets/Burak/B-Assets/CrystalWorld_v1.1/Sprites/Enemy04/idle01.png
  artifactKey: Guid(c9ee9144c255c3d4e8eee9944b838309) Importer(815301076,1909f56bfc062723c751e8b465ee728b)
Start importing Assets/Burak/B-Assets/CrystalWorld_v1.1/Sprites/Enemy04/idle01.png using Guid(c9ee9144c255c3d4e8eee9944b838309) Importer(815301076,1909f56bfc062723c751e8b465ee728b)  -> (artifact id: '7e5e96d6885404ff4e1c726ae3a18433') in 0.019154 seconds 
========================================================================
Received Import Request.
  Time since last request: 0.000036 seconds.
  path: Assets/Burak/B-Assets/CrystalWorld_v1.1/Sprites/Enemy05/idle02.png
  artifactKey: Guid(d4dd9f751a1ed0b45b1e5c1ed45d94eb) Importer(815301076,1909f56bfc062723c751e8b465ee728b)
Start importing Assets/Burak/B-Assets/CrystalWorld_v1.1/Sprites/Enemy05/idle02.png using Guid(d4dd9f751a1ed0b45b1e5c1ed45d94eb) Importer(815301076,1909f56bfc062723c751e8b465ee728b)  -> (artifact id: 'f49ef62b5ad9e90b50666ddc0c486125') in 0.020108 seconds 
========================================================================
Received Import Request.
  Time since last request: 0.000026 seconds.
  path: Assets/Burak/B-Assets/CrystalWorld_v1.1/Sprites/Gino Character/PNG/idle,run,jump_sheet.png
  artifactKey: Guid(c30f8e6602a320e47bb4a6fe84721705) Importer(815301076,1909f56bfc062723c751e8b465ee728b)
Start importing Assets/Burak/B-Assets/CrystalWorld_v1.1/Sprites/Gino Character/PNG/idle,run,jump_sheet.png using Guid(c30f8e6602a320e47bb4a6fe84721705) Importer(815301076,1909f56bfc062723c751e8b465ee728b)  -> (artifact id: '6022270d553098be6fa568f370c832c1') in 0.030329 seconds 
========================================================================
Received Import Request.
  Time since last request: 0.000024 seconds.
  path: Assets/Atilla/Textures/gothicvania church files/SPRITES/player/previews/idle.gif
  artifactKey: Guid(54933ecb3945216478bcd075709368a5) Importer(815301076,1909f56bfc062723c751e8b465ee728b)
Start importing Assets/Atilla/Textures/gothicvania church files/SPRITES/player/previews/idle.gif using Guid(54933ecb3945216478bcd075709368a5) Importer(815301076,1909f56bfc062723c751e8b465ee728b)  -> (artifact id: '2a177f8410782f7cea481c21cb8ef256') in 0.025245 seconds 
========================================================================
Received Import Request.
  Time since last request: 0.000025 seconds.
  path: Assets/Burak/B-Assets/CrystalWorld_v1.1/Sprites/Enemy04/idle02.png
  artifactKey: Guid(d08f614850fa8c145bee8bc56696d4b8) Importer(815301076,1909f56bfc062723c751e8b465ee728b)
Start importing Assets/Burak/B-Assets/CrystalWorld_v1.1/Sprites/Enemy04/idle02.png using Guid(d08f614850fa8c145bee8bc56696d4b8) Importer(815301076,1909f56bfc062723c751e8b465ee728b)  -> (artifact id: '4c1b182d4dca50fa2f86af9fc16611e1') in 0.009152 seconds 
========================================================================
Received Import Request.
  Time since last request: 0.000032 seconds.
  path: Assets/Atilla/Textures/gothicvania church files/SPRITES/player/sprites/idle1.png
  artifactKey: Guid(f66cae4e39736bf41b064a48e46e0546) Importer(815301076,1909f56bfc062723c751e8b465ee728b)
Start importing Assets/Atilla/Textures/gothicvania church files/SPRITES/player/sprites/idle1.png using Guid(f66cae4e39736bf41b064a48e46e0546) Importer(815301076,1909f56bfc062723c751e8b465ee728b)  -> (artifact id: 'bd7add724b3bd3c2dad27db5b76e9164') in 0.020466 seconds 
Editor requested this worker to shutdown with reason: Scaling down because of idle timeout
AssetImportWorker is now disconnected from the server
Process exiting
Exiting without the bug reporter. Application will terminate with return code 0