Using pre-set license
Built from '2021.3/staging' branch; Version is '2021.3.15f1 (e8e88683f834) revision 15263878'; Using compiler version '192829333'; Build Type 'Release'
OS: 'Windows 11  (10.0.22621) 64bit Professional' Language: 'tr' Physical Memory: 32661 MB
BatchMode: 1, IsHumanControllingUs: 0, StartBugReporterOnCrash: 0, Is64bit: 1, IsPro: 1

COMMAND LINE ARGUMENTS:
D:\Unity Editors\2021.3.15f1\Editor\Unity.exe
-adb2
-batchMode
-noUpm
-name
AssetImportWorker4
-projectPath
D:/Github Repositories/OUA_Bootcamp_U-101/OUA Akademi
-logFile
Logs/AssetImportWorker4.log
-srvPort
59313
Successfully changed project path to: D:/Github Repositories/OUA_Bootcamp_U-101/OUA Akademi
D:/Github Repositories/OUA_Bootcamp_U-101/OUA Akademi
[UnityMemory] Configuration Parameters - Can be set up in boot.config
    "memorysetup-bucket-allocator-granularity=16"
    "memorysetup-bucket-allocator-bucket-count=8"
    "memorysetup-bucket-allocator-block-size=33554432"
    "memorysetup-bucket-allocator-block-count=8"
    "memorysetup-main-allocator-block-size=16777216"
    "memorysetup-thread-allocator-block-size=16777216"
    "memorysetup-gfx-main-allocator-block-size=16777216"
    "memorysetup-gfx-thread-allocator-block-size=16777216"
    "memorysetup-cache-allocator-block-size=4194304"
    "memorysetup-typetree-allocator-block-size=2097152"
    "memorysetup-profiler-bucket-allocator-granularity=16"
    "memorysetup-profiler-bucket-allocator-bucket-count=8"
    "memorysetup-profiler-bucket-allocator-block-size=33554432"
    "memorysetup-profiler-bucket-allocator-block-count=8"
    "memorysetup-profiler-allocator-block-size=16777216"
    "memorysetup-profiler-editor-allocator-block-size=1048576"
    "memorysetup-temp-allocator-size-main=16777216"
    "memorysetup-job-temp-allocator-block-size=2097152"
    "memorysetup-job-temp-allocator-block-size-background=1048576"
    "memorysetup-job-temp-allocator-reduction-small-platforms=262144"
    "memorysetup-temp-allocator-size-background-worker=32768"
    "memorysetup-temp-allocator-size-job-worker=262144"
    "memorysetup-temp-allocator-size-preload-manager=33554432"
    "memorysetup-temp-allocator-size-nav-mesh-worker=65536"
    "memorysetup-temp-allocator-size-audio-worker=65536"
    "memorysetup-temp-allocator-size-cloud-worker=32768"
    "memorysetup-temp-allocator-size-gi-baking-worker=262144"
    "memorysetup-temp-allocator-size-gfx=262144"
Player connection [44020] Host "[IP] 192.168.1.25 [Port] 0 [Flags] 2 [Guid] 4179933585 [EditorId] 4179933585 [Version] 1048832 [Id] WindowsEditor(7,DESKTOP-G7AVDVB) [Debug] 1 [PackageName] WindowsEditor [ProjectName] Editor" joined multi-casting on [225.0.0.222:54997]...

Player connection [44020] Host "[IP] 192.168.1.25 [Port] 0 [Flags] 2 [Guid] 4179933585 [EditorId] 4179933585 [Version] 1048832 [Id] WindowsEditor(7,DESKTOP-G7AVDVB) [Debug] 1 [PackageName] WindowsEditor [ProjectName] Editor" joined alternative multi-casting on [225.0.0.222:34997]...

Refreshing native plugins compatible for Editor in 124.24 ms, found 4 plugins.
Preloading 0 native plugins for Editor in 0.00 ms.
Initialize engine version: 2021.3.15f1 (e8e88683f834)
[Subsystems] Discovering subsystems at path D:/Unity Editors/2021.3.15f1/Editor/Data/Resources/UnitySubsystems
[Subsystems] Discovering subsystems at path D:/Github Repositories/OUA_Bootcamp_U-101/OUA Akademi/Assets
GfxDevice: creating device client; threaded=0; jobified=0
Direct3D:
    Version:  Direct3D 11.0 [level 11.1]
    Renderer: NVIDIA GeForce GTX 1070 (ID=0x1b81)
    Vendor:   NVIDIA
    VRAM:     8081 MB
    Driver:   31.0.15.3640
Initialize mono
Mono path[0] = 'D:/Unity Editors/2021.3.15f1/Editor/Data/Managed'
Mono path[1] = 'D:/Unity Editors/2021.3.15f1/Editor/Data/MonoBleedingEdge/lib/mono/unityjit-win32'
Mono config path = 'D:/Unity Editors/2021.3.15f1/Editor/Data/MonoBleedingEdge/etc'
Using monoOptions --debugger-agent=transport=dt_socket,embedding=1,server=y,suspend=n,address=127.0.0.1:56236
Begin MonoManager ReloadAssembly
Registering precompiled unity dll's ...
Register platform support module: D:/Unity Editors/2021.3.15f1/Editor/Data/PlaybackEngines/AndroidPlayer/UnityEditor.Android.Extensions.dll
Register platform support module: D:/Unity Editors/2021.3.15f1/Editor/Data/PlaybackEngines/iOSSupport/UnityEditor.iOS.Extensions.dll
Register platform support module: D:/Unity Editors/2021.3.15f1/Editor/Data/PlaybackEngines/WindowsStandaloneSupport/UnityEditor.WindowsStandalone.Extensions.dll
Registered in 0.002529 seconds.
Native extension for WindowsStandalone target not found
[usbmuxd] Start listen thread
[usbmuxd] Listen thread started
Native extension for iOS target not found
Native extension for Android target not found
Refreshing native plugins compatible for Editor in 90.34 ms, found 4 plugins.
Preloading 0 native plugins for Editor in 0.00 ms.
Mono: successfully reloaded assembly
- Completed reload, in  0.611 seconds
Domain Reload Profiling:
	ReloadAssembly (611ms)
		BeginReloadAssembly (83ms)
			ExecutionOrderSort (0ms)
			DisableScriptedObjects (0ms)
			BackupInstance (0ms)
			ReleaseScriptingObjects (0ms)
			CreateAndSetChildDomain (1ms)
		EndReloadAssembly (440ms)
			LoadAssemblies (83ms)
			RebuildTransferFunctionScriptingTraits (0ms)
			SetupTypeCache (92ms)
			ReleaseScriptCaches (0ms)
			RebuildScriptCaches (26ms)
			SetupLoadedEditorAssemblies (274ms)
				LogAssemblyErrors (0ms)
				InitializePlatformSupportModulesInManaged (52ms)
				SetLoadedEditorAssemblies (1ms)
				RefreshPlugins (90ms)
				BeforeProcessingInitializeOnLoad (1ms)
				ProcessInitializeOnLoadAttributes (88ms)
				ProcessInitializeOnLoadMethodAttributes (41ms)
				AfterProcessingInitializeOnLoad (0ms)
				EditorAssembliesLoaded (0ms)
			ExecutionOrderSort2 (0ms)
			AwakeInstancesAfterBackupRestoration (0ms)
Platform modules already initialized, skipping
Registering precompiled user dll's ...
Registered in 0.007785 seconds.
Begin MonoManager ReloadAssembly
Symbol file LoadedFromMemory doesn't match image D:\Github Repositories\OUA_Bootcamp_U-101\OUA Akademi\Library\PackageCache\com.unity.visualscripting@1.7.8\Editor\VisualScripting.Core\Dependencies\YamlDotNet\Unity.VisualScripting.YamlDotNet.dll
Symbol file LoadedFromMemory doesn't match image D:\Github Repositories\OUA_Bootcamp_U-101\OUA Akademi\Library\PackageCache\com.unity.visualscripting@1.7.8\Editor\VisualScripting.Core\Dependencies\DotNetZip\Unity.VisualScripting.IonicZip.dll
Native extension for WindowsStandalone target not found
Native extension for iOS target not found
Native extension for Android target not found
Refreshing native plugins compatible for Editor in 121.53 ms, found 4 plugins.
Preloading 0 native plugins for Editor in 0.00 ms.
Mono: successfully reloaded assembly
- Completed reload, in  1.437 seconds
Domain Reload Profiling:
	ReloadAssembly (1438ms)
		BeginReloadAssembly (221ms)
			ExecutionOrderSort (0ms)
			DisableScriptedObjects (6ms)
			BackupInstance (0ms)
			ReleaseScriptingObjects (0ms)
			CreateAndSetChildDomain (127ms)
		EndReloadAssembly (1113ms)
			LoadAssemblies (98ms)
			RebuildTransferFunctionScriptingTraits (0ms)
			SetupTypeCache (225ms)
			ReleaseScriptCaches (1ms)
			RebuildScriptCaches (62ms)
			SetupLoadedEditorAssemblies (695ms)
				LogAssemblyErrors (0ms)
				InitializePlatformSupportModulesInManaged (21ms)
				SetLoadedEditorAssemblies (0ms)
				RefreshPlugins (122ms)
				BeforeProcessingInitializeOnLoad (101ms)
				ProcessInitializeOnLoadAttributes (408ms)
				ProcessInitializeOnLoadMethodAttributes (41ms)
				AfterProcessingInitializeOnLoad (2ms)
				EditorAssembliesLoaded (0ms)
			ExecutionOrderSort2 (0ms)
			AwakeInstancesAfterBackupRestoration (5ms)
Platform modules already initialized, skipping
========================================================================
Worker process is ready to serve import requests
Launched and connected shader compiler UnityShaderCompiler.exe after 0.05 seconds
Refreshing native plugins compatible for Editor in 1.77 ms, found 4 plugins.
Preloading 0 native plugins for Editor in 0.00 ms.
Unloading 4064 Unused Serialized files (Serialized files now loaded: 0)
Unloading 44 unused Assets / (229.0 KB). Loaded Objects now: 4517.
Memory consumption went from 153.7 MB to 153.5 MB.
Total: 3.660000 ms (FindLiveObjects: 0.381700 ms CreateObjectMapping: 0.106200 ms MarkObjects: 3.006300 ms  DeleteObjects: 0.164700 ms)

AssetImportParameters requested are different than current active one (requested -> active):
  custom:video-decoder-ogg-theora: a1e56fd34408186e4bbccfd4996cb3dc -> 
  custom:container-muxer-webm: aa71ff27fc2769a1b78a27578f13a17b -> 
  custom:container-demuxer-webm: 4f35f7cbe854078d1ac9338744f61a02 -> 
  custom:video-encoder-webm-vp8: eb34c28f22e8b96e1ab97ce403110664 -> 
  custom:audio-encoder-webm-vorbis: bf7c407c2cedff20999df2af8eb42d56 -> 
  custom:framework-win-MediaFoundation: 216162199b28c13a410421893ffa2e32 -> 
  custom:container-demuxer-ogg: 62fdf1f143b41e24485cea50d1cbac27 -> 
  custom:video-decoder-webm-vp8: 9c59270c3fd7afecdb556c50c9e8de78 -> 
  custom:audio-decoder-ogg-vorbis: bf7c407c2cedff20999df2af8eb42d56 -> 
========================================================================
Received Import Request.
  Time since last request: 44569.985002 seconds.
  path: Assets/Atilla/Textures/CrystalWorld_v1.1/Collectible
  artifactKey: Guid(a3c2aa6daeebdbc40b801bb6c0a44d2d) Importer(815301076,1909f56bfc062723c751e8b465ee728b)
Start importing Assets/Atilla/Textures/CrystalWorld_v1.1/Collectible using Guid(a3c2aa6daeebdbc40b801bb6c0a44d2d) Importer(815301076,1909f56bfc062723c751e8b465ee728b)  -> (artifact id: '3abbc125dfe8ae6c6e339707aa7cbbd7') in 0.020173 seconds 
========================================================================
Received Import Request.
  Time since last request: 0.035271 seconds.
  path: Assets/Atilla/Textures/CrystalWorld_v1.1/Collectible/dagger01.png
  artifactKey: Guid(e015db1ae48c37a44afbe3dcf90141af) Importer(815301076,1909f56bfc062723c751e8b465ee728b)
Start importing Assets/Atilla/Textures/CrystalWorld_v1.1/Collectible/dagger01.png using Guid(e015db1ae48c37a44afbe3dcf90141af) Importer(815301076,1909f56bfc062723c751e8b465ee728b)  -> (artifact id: 'da21845aee8a33a0e9fffb5eb7202d6c') in 0.124820 seconds 
========================================================================
Received Import Request.
  Time since last request: 0.000032 seconds.
  path: Assets/Atilla/Textures/CrystalWorld_v1.1/Collectible/diamond_big_06.png
  artifactKey: Guid(ed435359eae06e749813564a78d25941) Importer(815301076,1909f56bfc062723c751e8b465ee728b)
Start importing Assets/Atilla/Textures/CrystalWorld_v1.1/Collectible/diamond_big_06.png using Guid(ed435359eae06e749813564a78d25941) Importer(815301076,1909f56bfc062723c751e8b465ee728b)  -> (artifact id: 'd948d5b81a364cdea934173bf958e2b6') in 0.027290 seconds 
========================================================================
Received Import Request.
  Time since last request: 0.000029 seconds.
  path: Assets/Atilla/Textures/CrystalWorld_v1.1/Collectible/dagger08.png
  artifactKey: Guid(46ae2a1682b581f46883fa38574f4064) Importer(815301076,1909f56bfc062723c751e8b465ee728b)
Start importing Assets/Atilla/Textures/CrystalWorld_v1.1/Collectible/dagger08.png using Guid(46ae2a1682b581f46883fa38574f4064) Importer(815301076,1909f56bfc062723c751e8b465ee728b)  -> (artifact id: '693319593bf79e74e1e89edec9326683') in 0.023489 seconds 
========================================================================
Received Import Request.
  Time since last request: 0.000023 seconds.
  path: Assets/Atilla/Textures/CrystalWorld_v1.1/Collectible/diamond_small01.png
  artifactKey: Guid(eb89d86d42cb92d40897a927957cfa96) Importer(815301076,1909f56bfc062723c751e8b465ee728b)
Start importing Assets/Atilla/Textures/CrystalWorld_v1.1/Collectible/diamond_small01.png using Guid(eb89d86d42cb92d40897a927957cfa96) Importer(815301076,1909f56bfc062723c751e8b465ee728b)  -> (artifact id: 'a4787b0f9e39ad7a20ba6520eed7e9c4') in 0.025608 seconds 
========================================================================
Received Import Request.
  Time since last request: 0.000031 seconds.
  path: Assets/Atilla/Textures/CrystalWorld_v1.1/Collectible/diamond_small05.png
  artifactKey: Guid(6b8f7794b7b4a454e804bcc005e395de) Importer(815301076,1909f56bfc062723c751e8b465ee728b)
Start importing Assets/Atilla/Textures/CrystalWorld_v1.1/Collectible/diamond_small05.png using Guid(6b8f7794b7b4a454e804bcc005e395de) Importer(815301076,1909f56bfc062723c751e8b465ee728b)  -> (artifact id: 'f76d67cbb34d16c845643df9249c7b47') in 0.019796 seconds 
========================================================================
Received Import Request.
  Time since last request: 0.000030 seconds.
  path: Assets/Atilla/Textures/CrystalWorld_v1.1/Collectible/heart06.png
  artifactKey: Guid(063a8479124ddea42b48729ed88fafb5) Importer(815301076,1909f56bfc062723c751e8b465ee728b)
Start importing Assets/Atilla/Textures/CrystalWorld_v1.1/Collectible/heart06.png using Guid(063a8479124ddea42b48729ed88fafb5) Importer(815301076,1909f56bfc062723c751e8b465ee728b)  -> (artifact id: '8b85b7b6eb85ba7adfb22e1031405769') in 0.027103 seconds 
========================================================================
Received Import Request.
  Time since last request: 0.762030 seconds.
  path: Assets/Atilla/Textures/CrystalWorld_v1.1/Collectible/PSD
  artifactKey: Guid(dd2c5ee235e53d94d86ecbfbc8e3d1f0) Importer(815301076,1909f56bfc062723c751e8b465ee728b)
Start importing Assets/Atilla/Textures/CrystalWorld_v1.1/Collectible/PSD using Guid(dd2c5ee235e53d94d86ecbfbc8e3d1f0) Importer(815301076,1909f56bfc062723c751e8b465ee728b)  -> (artifact id: '4e5152578eb169c8afa5dbfa4cca3500') in 0.002118 seconds 
========================================================================
Received Import Request.
  Time since last request: 0.047322 seconds.
  path: Assets/Atilla/Textures/CrystalWorld_v1.1/Collectible/PSD/dagger.psd
  artifactKey: Guid(25a0eede71488284eb9fe45daa75aa7d) Importer(815301076,1909f56bfc062723c751e8b465ee728b)
Start importing Assets/Atilla/Textures/CrystalWorld_v1.1/Collectible/PSD/dagger.psd using Guid(25a0eede71488284eb9fe45daa75aa7d) Importer(815301076,1909f56bfc062723c751e8b465ee728b)  -> (artifact id: 'a87d4553faf0320421d72106865189fb') in 0.024634 seconds 
========================================================================
Received Import Request.
  Time since last request: 4.841660 seconds.
  path: Assets/Atilla/Textures/CrystalWorld_v1.1/Effects
  artifactKey: Guid(9e36c92d6685afe458137510cfd995af) Importer(815301076,1909f56bfc062723c751e8b465ee728b)
Start importing Assets/Atilla/Textures/CrystalWorld_v1.1/Effects using Guid(9e36c92d6685afe458137510cfd995af) Importer(815301076,1909f56bfc062723c751e8b465ee728b)  -> (artifact id: '8621063139d08d0df0fa05cd05ba3216') in 0.011874 seconds 
========================================================================
Received Import Request.
  Time since last request: 0.021171 seconds.
  path: Assets/Atilla/Textures/CrystalWorld_v1.1/Effects/destr_effect01.png
  artifactKey: Guid(87bd168d6bcd886459d7c72fbfd09813) Importer(815301076,1909f56bfc062723c751e8b465ee728b)
Start importing Assets/Atilla/Textures/CrystalWorld_v1.1/Effects/destr_effect01.png using Guid(87bd168d6bcd886459d7c72fbfd09813) Importer(815301076,1909f56bfc062723c751e8b465ee728b)  -> (artifact id: '7e2d7a2845bc4da09b8ac6b850571f18') in 0.027918 seconds 
========================================================================
Received Import Request.
  Time since last request: 0.000024 seconds.
  path: Assets/Atilla/Textures/CrystalWorld_v1.1/Effects/hit_effect01.png
  artifactKey: Guid(8aa3a048e53a90949af7d53c56b099ae) Importer(815301076,1909f56bfc062723c751e8b465ee728b)
Start importing Assets/Atilla/Textures/CrystalWorld_v1.1/Effects/hit_effect01.png using Guid(8aa3a048e53a90949af7d53c56b099ae) Importer(815301076,1909f56bfc062723c751e8b465ee728b)  -> (artifact id: '1604c92001736616d466af1971a33d3e') in 0.020117 seconds 
========================================================================
Received Import Request.
  Time since last request: 0.000028 seconds.
  path: Assets/Atilla/Textures/CrystalWorld_v1.1/Effects/destr_effect_sheet.png
  artifactKey: Guid(7e0be14f27e6ef846a64e922d42b8bc0) Importer(815301076,1909f56bfc062723c751e8b465ee728b)
Start importing Assets/Atilla/Textures/CrystalWorld_v1.1/Effects/destr_effect_sheet.png using Guid(7e0be14f27e6ef846a64e922d42b8bc0) Importer(815301076,1909f56bfc062723c751e8b465ee728b)  -> (artifact id: '9ede41b69ec5978c170c23a9ca0ca8ac') in 0.029264 seconds 
========================================================================
Received Import Request.
  Time since last request: 0.000024 seconds.
  path: Assets/Atilla/Textures/CrystalWorld_v1.1/Effects/hit_effect_sheet.png
  artifactKey: Guid(c15f59d441aba46498763bde94938996) Importer(815301076,1909f56bfc062723c751e8b465ee728b)
Start importing Assets/Atilla/Textures/CrystalWorld_v1.1/Effects/hit_effect_sheet.png using Guid(c15f59d441aba46498763bde94938996) Importer(815301076,1909f56bfc062723c751e8b465ee728b)  -> (artifact id: 'c35a3425b4289bf5d6466546738e9388') in 0.024243 seconds 
========================================================================
Received Import Request.
  Time since last request: 1.480716 seconds.
  path: Assets/Atilla/Textures/CrystalWorld_v1.1/Effects/PSD
  artifactKey: Guid(2de7d8d22eeb7924eb8db649f49148a9) Importer(815301076,1909f56bfc062723c751e8b465ee728b)
Start importing Assets/Atilla/Textures/CrystalWorld_v1.1/Effects/PSD using Guid(2de7d8d22eeb7924eb8db649f49148a9) Importer(815301076,1909f56bfc062723c751e8b465ee728b)  -> (artifact id: '545f04470a4c3183788b9052424fde3f') in 0.002220 seconds 
========================================================================
Received Import Request.
  Time since last request: 0.046000 seconds.
  path: Assets/Atilla/Textures/CrystalWorld_v1.1/Effects/PSD/destr_effect.psd
  artifactKey: Guid(433005b258d26ed4cad8d8efd791cead) Importer(815301076,1909f56bfc062723c751e8b465ee728b)
Start importing Assets/Atilla/Textures/CrystalWorld_v1.1/Effects/PSD/destr_effect.psd using Guid(433005b258d26ed4cad8d8efd791cead) Importer(815301076,1909f56bfc062723c751e8b465ee728b)  -> (artifact id: '9367bd394ed8b8a9257cdc6d298ced94') in 0.020384 seconds 
========================================================================
Received Import Request.
  Time since last request: 4.576143 seconds.
  path: Assets/Atilla/Textures/CrystalWorld_v1.1/Sprites
  artifactKey: Guid(7e075d3da3efdce44b8312d8d63d16a4) Importer(815301076,1909f56bfc062723c751e8b465ee728b)
Start importing Assets/Atilla/Textures/CrystalWorld_v1.1/Sprites using Guid(7e075d3da3efdce44b8312d8d63d16a4) Importer(815301076,1909f56bfc062723c751e8b465ee728b)  -> (artifact id: 'cbf5a97373563e52a38dbed16f896088') in 0.010753 seconds 
========================================================================
Received Import Request.
  Time since last request: 1.801996 seconds.
  path: Assets/Atilla/Textures/CrystalWorld_v1.1/Sprites/Gino Character
  artifactKey: Guid(a8a9e3e38a7eea64b96a3eae7f130ada) Importer(815301076,1909f56bfc062723c751e8b465ee728b)
Start importing Assets/Atilla/Textures/CrystalWorld_v1.1/Sprites/Gino Character using Guid(a8a9e3e38a7eea64b96a3eae7f130ada) Importer(815301076,1909f56bfc062723c751e8b465ee728b)  -> (artifact id: 'b21918cedaea34c0aca7aa0516662dad') in 0.011169 seconds 
========================================================================
Received Import Request.
  Time since last request: 1.469217 seconds.
  path: Assets/Atilla/Textures/CrystalWorld_v1.1/Sprites/Gino Character/PSD
  artifactKey: Guid(6f99a3a7cd1ea82419a98857fd46b400) Importer(815301076,1909f56bfc062723c751e8b465ee728b)
Start importing Assets/Atilla/Textures/CrystalWorld_v1.1/Sprites/Gino Character/PSD using Guid(6f99a3a7cd1ea82419a98857fd46b400) Importer(815301076,1909f56bfc062723c751e8b465ee728b)  -> (artifact id: '879e40831c2ea0fe312204e05af1e671') in 0.002043 seconds 
========================================================================
Received Import Request.
  Time since last request: 0.040175 seconds.
  path: Assets/Atilla/Textures/CrystalWorld_v1.1/Sprites/Gino Character/PSD/attack_in_jump.psd
  artifactKey: Guid(55c75b01a484eb445ae3aa10c367d55a) Importer(815301076,1909f56bfc062723c751e8b465ee728b)
Start importing Assets/Atilla/Textures/CrystalWorld_v1.1/Sprites/Gino Character/PSD/attack_in_jump.psd using Guid(55c75b01a484eb445ae3aa10c367d55a) Importer(815301076,1909f56bfc062723c751e8b465ee728b)  -> (artifact id: '1213a0454372513aa386345dbfd6856c') in 0.025480 seconds 
========================================================================
Received Import Request.
  Time since last request: 0.000019 seconds.
  path: Assets/Atilla/Textures/CrystalWorld_v1.1/Sprites/Gino Character/PSD/ledge_grab.psd
  artifactKey: Guid(449ebdc80f164c14d849d0016514165e) Importer(815301076,1909f56bfc062723c751e8b465ee728b)
Start importing Assets/Atilla/Textures/CrystalWorld_v1.1/Sprites/Gino Character/PSD/ledge_grab.psd using Guid(449ebdc80f164c14d849d0016514165e) Importer(815301076,1909f56bfc062723c751e8b465ee728b)  -> (artifact id: '0eaec44fb457db00dff95b5b581a8978') in 0.025964 seconds 
========================================================================
Received Import Request.
  Time since last request: 0.000024 seconds.
  path: Assets/Atilla/Textures/CrystalWorld_v1.1/Sprites/Gino Character/PSD/throw_attack.psd
  artifactKey: Guid(97b658e27a0872948b44c9685f16c01e) Importer(815301076,1909f56bfc062723c751e8b465ee728b)
Start importing Assets/Atilla/Textures/CrystalWorld_v1.1/Sprites/Gino Character/PSD/throw_attack.psd using Guid(97b658e27a0872948b44c9685f16c01e) Importer(815301076,1909f56bfc062723c751e8b465ee728b)  -> (artifact id: 'd727e7caf827e841bda1e745e11c1006') in 0.021183 seconds 
========================================================================
Received Import Request.
  Time since last request: 4.568618 seconds.
  path: Assets/Atilla/Textures/CrystalWorld_v1.1/Sprites/Gino Character/PNG
  artifactKey: Guid(d5b16a362f4648943acbb7c470d63796) Importer(815301076,1909f56bfc062723c751e8b465ee728b)
Start importing Assets/Atilla/Textures/CrystalWorld_v1.1/Sprites/Gino Character/PNG using Guid(d5b16a362f4648943acbb7c470d63796) Importer(815301076,1909f56bfc062723c751e8b465ee728b)  -> (artifact id: 'c397eb5592cf55752df41a86ef11f273') in 0.011115 seconds 
========================================================================
Received Import Request.
  Time since last request: 0.030801 seconds.
  path: Assets/Atilla/Textures/CrystalWorld_v1.1/Sprites/Gino Character/PNG/attack_in_jump_sheet.png
  artifactKey: Guid(7f6be0255eea439458a9f7ac311c4b81) Importer(815301076,1909f56bfc062723c751e8b465ee728b)
Start importing Assets/Atilla/Textures/CrystalWorld_v1.1/Sprites/Gino Character/PNG/attack_in_jump_sheet.png using Guid(7f6be0255eea439458a9f7ac311c4b81) Importer(815301076,1909f56bfc062723c751e8b465ee728b)  -> (artifact id: 'fb641b0e5b4e8644bbf816e0fe4915e4') in 0.024720 seconds 
========================================================================
Received Import Request.
  Time since last request: 0.000022 seconds.
  path: Assets/Atilla/Textures/CrystalWorld_v1.1/Sprites/Gino Character/PNG/throw_attack_sheet.png
  artifactKey: Guid(cd9e0a014cae13242a80f4e8bba9a27c) Importer(815301076,1909f56bfc062723c751e8b465ee728b)
Start importing Assets/Atilla/Textures/CrystalWorld_v1.1/Sprites/Gino Character/PNG/throw_attack_sheet.png using Guid(cd9e0a014cae13242a80f4e8bba9a27c) Importer(815301076,1909f56bfc062723c751e8b465ee728b)  -> (artifact id: '9bbfd7cb3ce8e83e3bfad6466057b1db') in 0.025737 seconds 
========================================================================
Received Import Request.
  Time since last request: 0.000027 seconds.
  path: Assets/Atilla/Textures/CrystalWorld_v1.1/Sprites/Gino Character/PNG/throw_dagger_sheet.png
  artifactKey: Guid(228d1cbc853deb94ba5c013ad3b05341) Importer(815301076,1909f56bfc062723c751e8b465ee728b)
Start importing Assets/Atilla/Textures/CrystalWorld_v1.1/Sprites/Gino Character/PNG/throw_dagger_sheet.png using Guid(228d1cbc853deb94ba5c013ad3b05341) Importer(815301076,1909f56bfc062723c751e8b465ee728b)  -> (artifact id: '3623abe18d43e0a54346cdaa3b5ba16c') in 0.020989 seconds 
========================================================================
Received Import Request.
  Time since last request: 8.111758 seconds.
  path: Assets/Atilla/Textures/CrystalWorld_v1.1/Sprites/Gino Character/PNG/Throw attack
  artifactKey: Guid(a4a142161c0daf04cbc390d3f665708a) Importer(815301076,1909f56bfc062723c751e8b465ee728b)
Start importing Assets/Atilla/Textures/CrystalWorld_v1.1/Sprites/Gino Character/PNG/Throw attack using Guid(a4a142161c0daf04cbc390d3f665708a) Importer(815301076,1909f56bfc062723c751e8b465ee728b)  -> (artifact id: 'fd67770c728329d02a539f0b4ad9ac46') in 0.012886 seconds 
========================================================================
Received Import Request.
  Time since last request: 0.020913 seconds.
  path: Assets/Atilla/Textures/CrystalWorld_v1.1/Sprites/Gino Character/PNG/Throw attack/throw_attack01.png
  artifactKey: Guid(ad8aef0332c07d14794729ac7019e96c) Importer(815301076,1909f56bfc062723c751e8b465ee728b)
Start importing Assets/Atilla/Textures/CrystalWorld_v1.1/Sprites/Gino Character/PNG/Throw attack/throw_attack01.png using Guid(ad8aef0332c07d14794729ac7019e96c) Importer(815301076,1909f56bfc062723c751e8b465ee728b)  -> (artifact id: 'be68b54255a0a2a16c1eedc4c94b6b84') in 0.062967 seconds 
========================================================================
Received Import Request.
  Time since last request: 0.000029 seconds.
  path: Assets/Atilla/Textures/CrystalWorld_v1.1/Sprites/Gino Character/PNG/Throw attack/throw_attack07.png
  artifactKey: Guid(34383d60e829f2444829831b58b83aa2) Importer(815301076,1909f56bfc062723c751e8b465ee728b)
Start importing Assets/Atilla/Textures/CrystalWorld_v1.1/Sprites/Gino Character/PNG/Throw attack/throw_attack07.png using Guid(34383d60e829f2444829831b58b83aa2) Importer(815301076,1909f56bfc062723c751e8b465ee728b)  -> (artifact id: '8ecab111ad64771ce75820009cfcaa3e') in 0.019786 seconds 
========================================================================
Received Import Request.
  Time since last request: 0.000024 seconds.
  path: Assets/Atilla/Textures/CrystalWorld_v1.1/Sprites/Gino Character/PNG/Throw attack/throw_dagger_hit01.png
  artifactKey: Guid(1ddc4cb4d7189eb4e96cf593b39f253a) Importer(815301076,1909f56bfc062723c751e8b465ee728b)
Start importing Assets/Atilla/Textures/CrystalWorld_v1.1/Sprites/Gino Character/PNG/Throw attack/throw_dagger_hit01.png using Guid(1ddc4cb4d7189eb4e96cf593b39f253a) Importer(815301076,1909f56bfc062723c751e8b465ee728b)  -> (artifact id: '617d8a00799e22f14f99e4b6c54f6267') in 0.021544 seconds 
========================================================================
Received Import Request.
  Time since last request: 13.996989 seconds.
  path: Assets/Atilla/Textures/CrystalWorld_v1.1/Sprites/Gino Character/PNG/Attack in jump
  artifactKey: Guid(2f87feb084fa5a447a63fee2bca0e6e4) Importer(815301076,1909f56bfc062723c751e8b465ee728b)
Start importing Assets/Atilla/Textures/CrystalWorld_v1.1/Sprites/Gino Character/PNG/Attack in jump using Guid(2f87feb084fa5a447a63fee2bca0e6e4) Importer(815301076,1909f56bfc062723c751e8b465ee728b)  -> (artifact id: '0389564e6411be2b02cfcfabcaf5e77d') in 0.014228 seconds 
========================================================================
Received Import Request.
  Time since last request: 0.009879 seconds.
  path: Assets/Atilla/Textures/CrystalWorld_v1.1/Sprites/Gino Character/PNG/Attack in jump/attack_in_jump01.png
  artifactKey: Guid(45c4420df389d6c48a8e5c496b1b93e3) Importer(815301076,1909f56bfc062723c751e8b465ee728b)
Start importing Assets/Atilla/Textures/CrystalWorld_v1.1/Sprites/Gino Character/PNG/Attack in jump/attack_in_jump01.png using Guid(45c4420df389d6c48a8e5c496b1b93e3) Importer(815301076,1909f56bfc062723c751e8b465ee728b)  -> (artifact id: 'bd30a2c7c6fb54308ecbf1b454a5fad0') in 0.068164 seconds 
========================================================================
Received Import Request.
  Time since last request: 0.000038 seconds.
  path: Assets/Atilla/Textures/CrystalWorld_v1.1/Sprites/Gino Character/PNG/Attack in jump/attack_in_jump07.png
  artifactKey: Guid(3611afb89830f764bb2747a6a2905ac2) Importer(815301076,1909f56bfc062723c751e8b465ee728b)
Start importing Assets/Atilla/Textures/CrystalWorld_v1.1/Sprites/Gino Character/PNG/Attack in jump/attack_in_jump07.png using Guid(3611afb89830f764bb2747a6a2905ac2) Importer(815301076,1909f56bfc062723c751e8b465ee728b)  -> (artifact id: 'a4b72fb98a8e6f0ce5af2ff11223e630') in 0.020025 seconds 
========================================================================
Received Import Request.
  Time since last request: 8.167529 seconds.
  path: Assets/Atilla/Textures/CrystalWorld_v1.1/Sprites/Gino Character/PNG/Attacks
  artifactKey: Guid(1ca422b36516d7342a092eafd7797641) Importer(815301076,1909f56bfc062723c751e8b465ee728b)
Start importing Assets/Atilla/Textures/CrystalWorld_v1.1/Sprites/Gino Character/PNG/Attacks using Guid(1ca422b36516d7342a092eafd7797641) Importer(815301076,1909f56bfc062723c751e8b465ee728b)  -> (artifact id: '4d503c416d35ac9abe46dd395d03a2b0') in 0.013378 seconds 
========================================================================
Received Import Request.
  Time since last request: 0.874013 seconds.
  path: Assets/Atilla/Textures/CrystalWorld_v1.1/Sprites/Gino Character/PNG/Attacks/AttackA01.png
  artifactKey: Guid(51fb572df9a40944485e4cf56d785810) Importer(815301076,1909f56bfc062723c751e8b465ee728b)
Start importing Assets/Atilla/Textures/CrystalWorld_v1.1/Sprites/Gino Character/PNG/Attacks/AttackA01.png using Guid(51fb572df9a40944485e4cf56d785810) Importer(815301076,1909f56bfc062723c751e8b465ee728b)  -> (artifact id: '5324c07d3aba6191dd8ec9404e32f65e') in 0.027601 seconds 
========================================================================
Received Import Request.
  Time since last request: 0.000040 seconds.
  path: Assets/Atilla/Textures/CrystalWorld_v1.1/Sprites/Gino Character/PNG/Attacks/AttackC03.png
  artifactKey: Guid(8c4253231cb6cde409cbb0b0487e0db5) Importer(815301076,1909f56bfc062723c751e8b465ee728b)
Start importing Assets/Atilla/Textures/CrystalWorld_v1.1/Sprites/Gino Character/PNG/Attacks/AttackC03.png using Guid(8c4253231cb6cde409cbb0b0487e0db5) Importer(815301076,1909f56bfc062723c751e8b465ee728b)  -> (artifact id: 'f56571333fe476f1fa39560039bd12e6') in 0.024386 seconds 
========================================================================
Received Import Request.
  Time since last request: 0.000029 seconds.
  path: Assets/Atilla/Textures/CrystalWorld_v1.1/Sprites/Gino Character/PNG/Attacks/AttackD02.png
  artifactKey: Guid(82d00f71ea001df46b779511d72f3c3a) Importer(815301076,1909f56bfc062723c751e8b465ee728b)
Start importing Assets/Atilla/Textures/CrystalWorld_v1.1/Sprites/Gino Character/PNG/Attacks/AttackD02.png using Guid(82d00f71ea001df46b779511d72f3c3a) Importer(815301076,1909f56bfc062723c751e8b465ee728b)  -> (artifact id: 'c3a3e2216dda463da441f0426eb80621') in 0.024259 seconds 
========================================================================
Received Import Request.
  Time since last request: 0.000034 seconds.
  path: Assets/Atilla/Textures/CrystalWorld_v1.1/Sprites/Gino Character/PNG/Attacks/AttackD07.png
  artifactKey: Guid(927dda22d6dc16f4d9ae74e5b36fbc13) Importer(815301076,1909f56bfc062723c751e8b465ee728b)
Start importing Assets/Atilla/Textures/CrystalWorld_v1.1/Sprites/Gino Character/PNG/Attacks/AttackD07.png using Guid(927dda22d6dc16f4d9ae74e5b36fbc13) Importer(815301076,1909f56bfc062723c751e8b465ee728b)  -> (artifact id: '8680be81bf2c9c480915154cd924698b') in 0.021289 seconds 
========================================================================
Received Import Request.
  Time since last request: 0.000026 seconds.
  path: Assets/Atilla/Textures/CrystalWorld_v1.1/Sprites/Gino Character/PNG/Attacks/AttackD05.png
  artifactKey: Guid(990cac0988dc6414d990363c7df0097c) Importer(815301076,1909f56bfc062723c751e8b465ee728b)
Start importing Assets/Atilla/Textures/CrystalWorld_v1.1/Sprites/Gino Character/PNG/Attacks/AttackD05.png using Guid(990cac0988dc6414d990363c7df0097c) Importer(815301076,1909f56bfc062723c751e8b465ee728b)  -> (artifact id: '7b72fc14529d9746f46c228aae84b7d3') in 0.022380 seconds 
========================================================================
Received Import Request.
  Time since last request: 0.000029 seconds.
  path: Assets/Atilla/Textures/CrystalWorld_v1.1/Sprites/Gino Character/PNG/Attacks/AttackB05.png
  artifactKey: Guid(cdd4e597036a2824281c4cecf4c9f8cc) Importer(815301076,1909f56bfc062723c751e8b465ee728b)
Start importing Assets/Atilla/Textures/CrystalWorld_v1.1/Sprites/Gino Character/PNG/Attacks/AttackB05.png using Guid(cdd4e597036a2824281c4cecf4c9f8cc) Importer(815301076,1909f56bfc062723c751e8b465ee728b)  -> (artifact id: '08ae40385967c41a83e5364910c40883') in 0.024905 seconds 
========================================================================
Received Import Request.
  Time since last request: 0.000024 seconds.
  path: Assets/Atilla/Textures/CrystalWorld_v1.1/Sprites/Gino Character/PNG/Attacks/AttackD08.png
  artifactKey: Guid(ff64e4b28c7fa4e4893967045e6c3d79) Importer(815301076,1909f56bfc062723c751e8b465ee728b)
Start importing Assets/Atilla/Textures/CrystalWorld_v1.1/Sprites/Gino Character/PNG/Attacks/AttackD08.png using Guid(ff64e4b28c7fa4e4893967045e6c3d79) Importer(815301076,1909f56bfc062723c751e8b465ee728b)  -> (artifact id: '842fb2c181508cc742321782584ddd5a') in 0.020632 seconds 
========================================================================
Received Import Request.
  Time since last request: 0.000023 seconds.
  path: Assets/Atilla/Textures/CrystalWorld_v1.1/Sprites/Gino Character/PNG/Attacks/AttackA05.png
  artifactKey: Guid(89d61212c8e07154fbd7227eab7c52f8) Importer(815301076,1909f56bfc062723c751e8b465ee728b)
Start importing Assets/Atilla/Textures/CrystalWorld_v1.1/Sprites/Gino Character/PNG/Attacks/AttackA05.png using Guid(89d61212c8e07154fbd7227eab7c52f8) Importer(815301076,1909f56bfc062723c751e8b465ee728b)  -> (artifact id: '25caf193f1f6c18d1612cc8310bb24c4') in 0.024847 seconds 
========================================================================
Received Import Request.
  Time since last request: 0.000031 seconds.
  path: Assets/Atilla/Textures/CrystalWorld_v1.1/Sprites/Gino Character/PNG/Attacks/AttackC06.png
  artifactKey: Guid(e11116f0d0b4ee347ac6a49dbcf8d9a9) Importer(815301076,1909f56bfc062723c751e8b465ee728b)
Start importing Assets/Atilla/Textures/CrystalWorld_v1.1/Sprites/Gino Character/PNG/Attacks/AttackC06.png using Guid(e11116f0d0b4ee347ac6a49dbcf8d9a9) Importer(815301076,1909f56bfc062723c751e8b465ee728b)  -> (artifact id: '6edadffbe3299a2d32b72ff8f4f8ed50') in 0.024485 seconds 
========================================================================
Received Import Request.
  Time since last request: 4.837380 seconds.
  path: Assets/Atilla/Textures/CrystalWorld_v1.1/Sprites/Gino Character/PNG/Hit, death
  artifactKey: Guid(c2bd521647d9e5c479c0f4a490928bec) Importer(815301076,1909f56bfc062723c751e8b465ee728b)
Start importing Assets/Atilla/Textures/CrystalWorld_v1.1/Sprites/Gino Character/PNG/Hit, death using Guid(c2bd521647d9e5c479c0f4a490928bec) Importer(815301076,1909f56bfc062723c751e8b465ee728b)  -> (artifact id: '39641003c1cf74200e3454c21d9eb9c4') in 0.010630 seconds 
========================================================================
Received Import Request.
  Time since last request: 0.024436 seconds.
  path: Assets/Atilla/Textures/CrystalWorld_v1.1/Sprites/Gino Character/PNG/Hit, death/death01.png
  artifactKey: Guid(9b600d65bd482704c9036828b897a8b6) Importer(815301076,1909f56bfc062723c751e8b465ee728b)
Start importing Assets/Atilla/Textures/CrystalWorld_v1.1/Sprites/Gino Character/PNG/Hit, death/death01.png using Guid(9b600d65bd482704c9036828b897a8b6) Importer(815301076,1909f56bfc062723c751e8b465ee728b)  -> (artifact id: '7279fa5f0115abaa37efc412cce54c47') in 0.022600 seconds 
========================================================================
Received Import Request.
  Time since last request: 0.000021 seconds.
  path: Assets/Atilla/Textures/CrystalWorld_v1.1/Sprites/Gino Character/PNG/Hit, death/hit03.png
  artifactKey: Guid(f469e284f30ea434aa3496127b0a985c) Importer(815301076,1909f56bfc062723c751e8b465ee728b)
Start importing Assets/Atilla/Textures/CrystalWorld_v1.1/Sprites/Gino Character/PNG/Hit, death/hit03.png using Guid(f469e284f30ea434aa3496127b0a985c) Importer(815301076,1909f56bfc062723c751e8b465ee728b)  -> (artifact id: '2d31a5bc5a67937296bb4ff055b83be1') in 0.019683 seconds 
========================================================================
Received Import Request.
  Time since last request: 0.000027 seconds.
  path: Assets/Atilla/Textures/CrystalWorld_v1.1/Sprites/Gino Character/PNG/Hit, death/hit01.png
  artifactKey: Guid(87211c6898d07474098e834cb8b80f09) Importer(815301076,1909f56bfc062723c751e8b465ee728b)
Start importing Assets/Atilla/Textures/CrystalWorld_v1.1/Sprites/Gino Character/PNG/Hit, death/hit01.png using Guid(87211c6898d07474098e834cb8b80f09) Importer(815301076,1909f56bfc062723c751e8b465ee728b)  -> (artifact id: '54ec8829d75156576a2e05f3881a7bec') in 0.016730 seconds 
========================================================================
Received Import Request.
  Time since last request: 2.565284 seconds.
  path: Assets/Atilla/Textures/CrystalWorld_v1.1/Sprites/Gino Character/PNG/Idle, run, jump
  artifactKey: Guid(db8fca7f6f5b4394099cfdc80546cc53) Importer(815301076,1909f56bfc062723c751e8b465ee728b)
Start importing Assets/Atilla/Textures/CrystalWorld_v1.1/Sprites/Gino Character/PNG/Idle, run, jump using Guid(db8fca7f6f5b4394099cfdc80546cc53) Importer(815301076,1909f56bfc062723c751e8b465ee728b)  -> (artifact id: '3f8eb11e2bc05d09ba07276f1b890156') in 0.012061 seconds 
========================================================================
Received Import Request.
  Time since last request: 0.026059 seconds.
  path: Assets/Atilla/Textures/CrystalWorld_v1.1/Sprites/Gino Character/PNG/Idle, run, jump/idle01.png
  artifactKey: Guid(90fa40cee33f13f49a19b58ffc155edf) Importer(815301076,1909f56bfc062723c751e8b465ee728b)
Start importing Assets/Atilla/Textures/CrystalWorld_v1.1/Sprites/Gino Character/PNG/Idle, run, jump/idle01.png using Guid(90fa40cee33f13f49a19b58ffc155edf) Importer(815301076,1909f56bfc062723c751e8b465ee728b)  -> (artifact id: 'fd3d4f339c54b287a62ffcdd23d03f9e') in 0.021597 seconds 
========================================================================
Received Import Request.
  Time since last request: 0.000021 seconds.
  path: Assets/Atilla/Textures/CrystalWorld_v1.1/Sprites/Gino Character/PNG/Idle, run, jump/idle08.png
  artifactKey: Guid(13cfbb5203e2d0f43a067c80d55b859f) Importer(815301076,1909f56bfc062723c751e8b465ee728b)
Start importing Assets/Atilla/Textures/CrystalWorld_v1.1/Sprites/Gino Character/PNG/Idle, run, jump/idle08.png using Guid(13cfbb5203e2d0f43a067c80d55b859f) Importer(815301076,1909f56bfc062723c751e8b465ee728b)  -> (artifact id: 'cc0e16e5d185fe646ebe638c185ae9a8') in 0.021105 seconds 
========================================================================
Received Import Request.
  Time since last request: 0.000023 seconds.
  path: Assets/Atilla/Textures/CrystalWorld_v1.1/Sprites/Gino Character/PNG/Idle, run, jump/idle09.png
  artifactKey: Guid(cd2950c7e974b6647a15bffd9be59017) Importer(815301076,1909f56bfc062723c751e8b465ee728b)
Start importing Assets/Atilla/Textures/CrystalWorld_v1.1/Sprites/Gino Character/PNG/Idle, run, jump/idle09.png using Guid(cd2950c7e974b6647a15bffd9be59017) Importer(815301076,1909f56bfc062723c751e8b465ee728b)  -> (artifact id: '601fc23b89f0a65fde365495bcc04c80') in 0.028195 seconds 
========================================================================
Received Import Request.
  Time since last request: 0.000027 seconds.
  path: Assets/Atilla/Textures/CrystalWorld_v1.1/Sprites/Gino Character/PNG/Idle, run, jump/jump_start01.png
  artifactKey: Guid(7d973a7cae518964da60a6911af2c052) Importer(815301076,1909f56bfc062723c751e8b465ee728b)
Start importing Assets/Atilla/Textures/CrystalWorld_v1.1/Sprites/Gino Character/PNG/Idle, run, jump/jump_start01.png using Guid(7d973a7cae518964da60a6911af2c052) Importer(815301076,1909f56bfc062723c751e8b465ee728b)  -> (artifact id: '3dbc52369dc9ed65d09b2be9cfa32c24') in 0.022264 seconds 
========================================================================
Received Import Request.
  Time since last request: 0.000024 seconds.
  path: Assets/Atilla/Textures/CrystalWorld_v1.1/Sprites/Gino Character/PNG/Idle, run, jump/run02.png
  artifactKey: Guid(0506d94438315614ebeeba92021bd2f7) Importer(815301076,1909f56bfc062723c751e8b465ee728b)
Start importing Assets/Atilla/Textures/CrystalWorld_v1.1/Sprites/Gino Character/PNG/Idle, run, jump/run02.png using Guid(0506d94438315614ebeeba92021bd2f7) Importer(815301076,1909f56bfc062723c751e8b465ee728b)  -> (artifact id: '8ff5ce33913c45befc8f1072009044fd') in 0.019535 seconds 
========================================================================
Received Import Request.
  Time since last request: 0.000023 seconds.
  path: Assets/Atilla/Textures/CrystalWorld_v1.1/Sprites/Gino Character/PNG/Idle, run, jump/run01.png
  artifactKey: Guid(c03a33b32b5fe374287c78cb7d919137) Importer(815301076,1909f56bfc062723c751e8b465ee728b)
Start importing Assets/Atilla/Textures/CrystalWorld_v1.1/Sprites/Gino Character/PNG/Idle, run, jump/run01.png using Guid(c03a33b32b5fe374287c78cb7d919137) Importer(815301076,1909f56bfc062723c751e8b465ee728b)  -> (artifact id: 'ab435648f2bb423a566a653e127e1069') in 0.021406 seconds 
========================================================================
Received Import Request.
  Time since last request: 0.000020 seconds.
  path: Assets/Atilla/Textures/CrystalWorld_v1.1/Sprites/Gino Character/PNG/Idle, run, jump/jump_mid01.png
  artifactKey: Guid(7559294c8c0b80041b36c70291d6eae4) Importer(815301076,1909f56bfc062723c751e8b465ee728b)
Start importing Assets/Atilla/Textures/CrystalWorld_v1.1/Sprites/Gino Character/PNG/Idle, run, jump/jump_mid01.png using Guid(7559294c8c0b80041b36c70291d6eae4) Importer(815301076,1909f56bfc062723c751e8b465ee728b)  -> (artifact id: 'c7fa1a7ef8df2633dc08b09b4743f76f') in 0.018214 seconds 
========================================================================
Received Import Request.
  Time since last request: 0.000030 seconds.
  path: Assets/Atilla/Textures/CrystalWorld_v1.1/Sprites/Gino Character/PNG/Idle, run, jump/run08.png
  artifactKey: Guid(b6c2a21921526c442aec730e9a0a2fba) Importer(815301076,1909f56bfc062723c751e8b465ee728b)
Start importing Assets/Atilla/Textures/CrystalWorld_v1.1/Sprites/Gino Character/PNG/Idle, run, jump/run08.png using Guid(b6c2a21921526c442aec730e9a0a2fba) Importer(815301076,1909f56bfc062723c751e8b465ee728b)  -> (artifact id: 'e72a8405a0b58d6f87f5c3815725f234') in 0.021930 seconds 
========================================================================
Received Import Request.
  Time since last request: 3.616126 seconds.
  path: Assets/Atilla/Textures/CrystalWorld_v1.1/Sprites/Gino Character/PNG/Ledge grab
  artifactKey: Guid(cabe988186f6a974e8bdb668290d94fc) Importer(815301076,1909f56bfc062723c751e8b465ee728b)
Start importing Assets/Atilla/Textures/CrystalWorld_v1.1/Sprites/Gino Character/PNG/Ledge grab using Guid(cabe988186f6a974e8bdb668290d94fc) Importer(815301076,1909f56bfc062723c751e8b465ee728b)  -> (artifact id: '302b309babba17cb97a0884d05869de4') in 0.012830 seconds 
========================================================================
Received Import Request.
  Time since last request: 0.029112 seconds.
  path: Assets/Atilla/Textures/CrystalWorld_v1.1/Sprites/Gino Character/PNG/Ledge grab/lean-out.png
  artifactKey: Guid(59349c4d71f7d954ab00cd10c821a7cd) Importer(815301076,1909f56bfc062723c751e8b465ee728b)
Start importing Assets/Atilla/Textures/CrystalWorld_v1.1/Sprites/Gino Character/PNG/Ledge grab/lean-out.png using Guid(59349c4d71f7d954ab00cd10c821a7cd) Importer(815301076,1909f56bfc062723c751e8b465ee728b)  -> (artifact id: 'eb1eef92ebf0b625273c228c7081fe20') in 0.026509 seconds 
========================================================================
Received Import Request.
  Time since last request: 0.000022 seconds.
  path: Assets/Atilla/Textures/CrystalWorld_v1.1/Sprites/Gino Character/PNG/Ledge grab/ledge_grab03.png
  artifactKey: Guid(d403c03c10654214aa8cf962a95e7ebd) Importer(815301076,1909f56bfc062723c751e8b465ee728b)
Start importing Assets/Atilla/Textures/CrystalWorld_v1.1/Sprites/Gino Character/PNG/Ledge grab/ledge_grab03.png using Guid(d403c03c10654214aa8cf962a95e7ebd) Importer(815301076,1909f56bfc062723c751e8b465ee728b)  -> (artifact id: '3b85c99ad6c2ba996a95f7b4dfaa008d') in 0.021916 seconds 
========================================================================
Received Import Request.
  Time since last request: 3.592258 seconds.
  path: Assets/Atilla/Textures/CrystalWorld_v1.1/Sprites/Gino Character/PNG/Slide
  artifactKey: Guid(e7c2ff4539340b34e83aaa04a870e696) Importer(815301076,1909f56bfc062723c751e8b465ee728b)
Start importing Assets/Atilla/Textures/CrystalWorld_v1.1/Sprites/Gino Character/PNG/Slide using Guid(e7c2ff4539340b34e83aaa04a870e696) Importer(815301076,1909f56bfc062723c751e8b465ee728b)  -> (artifact id: '5e3d83a6380a42015d8a555c242c27f1') in 0.010686 seconds 
========================================================================
Received Import Request.
  Time since last request: 0.031064 seconds.
  path: Assets/Atilla/Textures/CrystalWorld_v1.1/Sprites/Gino Character/PNG/Slide/slide.png
  artifactKey: Guid(996723894c939294cbc788e9fb6c02cc) Importer(815301076,1909f56bfc062723c751e8b465ee728b)
Start importing Assets/Atilla/Textures/CrystalWorld_v1.1/Sprites/Gino Character/PNG/Slide/slide.png using Guid(996723894c939294cbc788e9fb6c02cc) Importer(815301076,1909f56bfc062723c751e8b465ee728b)  -> (artifact id: '966262f59ba89d91ec0e152eedd60726') in 0.015485 seconds 
========================================================================
Received Import Request.
  Time since last request: 0.000042 seconds.
  path: Assets/Atilla/Textures/CrystalWorld_v1.1/Sprites/Gino Character/PNG/Slide/slide_start02.png
  artifactKey: Guid(23af1c9597a5646438c3fa6f855f5ac1) Importer(815301076,1909f56bfc062723c751e8b465ee728b)
Start importing Assets/Atilla/Textures/CrystalWorld_v1.1/Sprites/Gino Character/PNG/Slide/slide_start02.png using Guid(23af1c9597a5646438c3fa6f855f5ac1) Importer(815301076,1909f56bfc062723c751e8b465ee728b)  -> (artifact id: '95bc7f47e2e8e14ae25081d534e97b57') in 0.019379 seconds 
========================================================================
Received Import Request.
  Time since last request: 555.777631 seconds.
  path: Assets/Atilla/Textures/CrystalWorld_v1.1/02. Crystal World/main_lev_build_1.png
  artifactKey: Guid(7acf976e543f03946b2fcabd15726893) Importer(815301076,1909f56bfc062723c751e8b465ee728b)
Start importing Assets/Atilla/Textures/CrystalWorld_v1.1/02. Crystal World/main_lev_build_1.png using Guid(7acf976e543f03946b2fcabd15726893) Importer(815301076,1909f56bfc062723c751e8b465ee728b)  -> (artifact id: 'e375acb5616d932f28b1a5ea1cedb074') in 0.018041 seconds 
========================================================================
Received Import Request.
  Time since last request: 24.233683 seconds.
  path: Assets/Atilla/Textures/CrystalWorld_v1.1/02. Crystal World/main_lev_build_1.png
  artifactKey: Guid(7acf976e543f03946b2fcabd15726893) Importer(815301076,1909f56bfc062723c751e8b465ee728b)
Start importing Assets/Atilla/Textures/CrystalWorld_v1.1/02. Crystal World/main_lev_build_1.png using Guid(7acf976e543f03946b2fcabd15726893) Importer(815301076,1909f56bfc062723c751e8b465ee728b)  -> (artifact id: '6870bf4678edca2335cbb6244bc544fe') in 0.223348 seconds 
========================================================================
Received Import Request.
  Time since last request: 69.027791 seconds.
  path: Assets/Atilla/Textures/CrystalWorld_v1.1/02. Crystal World/main_lev_build_1.png
  artifactKey: Guid(7acf976e543f03946b2fcabd15726893) Importer(815301076,1909f56bfc062723c751e8b465ee728b)
Start importing Assets/Atilla/Textures/CrystalWorld_v1.1/02. Crystal World/main_lev_build_1.png using Guid(7acf976e543f03946b2fcabd15726893) Importer(815301076,1909f56bfc062723c751e8b465ee728b)  -> (artifact id: '01d7c4afdc4748f63ee5bfa8cc03ad30') in 0.170407 seconds 
========================================================================
Received Import Request.
  Time since last request: 24.986692 seconds.
  path: Assets/Atilla/Textures/CrystalWorld_v1.1/02. Crystal World/main_lev_build_1.png
  artifactKey: Guid(7acf976e543f03946b2fcabd15726893) Importer(815301076,1909f56bfc062723c751e8b465ee728b)
Start importing Assets/Atilla/Textures/CrystalWorld_v1.1/02. Crystal World/main_lev_build_1.png using Guid(7acf976e543f03946b2fcabd15726893) Importer(815301076,1909f56bfc062723c751e8b465ee728b)  -> (artifact id: '638dc5c6eafed0ef0dc89b957b6f2c3c') in 0.230563 seconds 
========================================================================
Received Import Request.
  Time since last request: 27.953611 seconds.
  path: Assets/Atilla/Textures/CrystalWorld_v1.1/02. Crystal World/main_lev_build_1.png
  artifactKey: Guid(7acf976e543f03946b2fcabd15726893) Importer(815301076,1909f56bfc062723c751e8b465ee728b)
Start importing Assets/Atilla/Textures/CrystalWorld_v1.1/02. Crystal World/main_lev_build_1.png using Guid(7acf976e543f03946b2fcabd15726893) Importer(815301076,1909f56bfc062723c751e8b465ee728b)  -> (artifact id: 'dbd6265552e76b16396b0e82bb6a0abb') in 0.212312 seconds 
========================================================================
Received Import Request.
  Time since last request: 536.667381 seconds.
  path: Assets/Atilla/Textures/CrystalWorld_v1.1/02. Crystal World/main_lev_build_2.png
  artifactKey: Guid(519fd10bdf37514498b53d22c5633ead) Importer(815301076,1909f56bfc062723c751e8b465ee728b)
Start importing Assets/Atilla/Textures/CrystalWorld_v1.1/02. Crystal World/main_lev_build_2.png using Guid(519fd10bdf37514498b53d22c5633ead) Importer(815301076,1909f56bfc062723c751e8b465ee728b)  -> (artifact id: '7c5af0aac1bd6921c0c225a5f0d5c417') in 0.015529 seconds 
========================================================================
Received Import Request.
  Time since last request: 8.963797 seconds.
  path: Assets/Atilla/Textures/CrystalWorld_v1.1/02. Crystal World/main_lev_build_2.png
  artifactKey: Guid(519fd10bdf37514498b53d22c5633ead) Importer(815301076,1909f56bfc062723c751e8b465ee728b)
Start importing Assets/Atilla/Textures/CrystalWorld_v1.1/02. Crystal World/main_lev_build_2.png using Guid(519fd10bdf37514498b53d22c5633ead) Importer(815301076,1909f56bfc062723c751e8b465ee728b)  -> (artifact id: 'b5639ae7b301b18b60d2facf2a688c01') in 0.189995 seconds 
========================================================================
Received Import Request.
  Time since last request: 22.854022 seconds.
  path: Assets/Atilla/Textures/CrystalWorld_v1.1/02. Crystal World/rocks.png
  artifactKey: Guid(aaee037bd1087ed478d9aa86b3300b0e) Importer(815301076,1909f56bfc062723c751e8b465ee728b)
Start importing Assets/Atilla/Textures/CrystalWorld_v1.1/02. Crystal World/rocks.png using Guid(aaee037bd1087ed478d9aa86b3300b0e) Importer(815301076,1909f56bfc062723c751e8b465ee728b)  -> (artifact id: '31549edcaf83e1e67db34e5808cf2b4c') in 0.017166 seconds 
========================================================================
Received Import Request.
  Time since last request: 5.493471 seconds.
  path: Assets/Atilla/Textures/CrystalWorld_v1.1/02. Crystal World/rocks.png
  artifactKey: Guid(aaee037bd1087ed478d9aa86b3300b0e) Importer(815301076,1909f56bfc062723c751e8b465ee728b)
Start importing Assets/Atilla/Textures/CrystalWorld_v1.1/02. Crystal World/rocks.png using Guid(aaee037bd1087ed478d9aa86b3300b0e) Importer(815301076,1909f56bfc062723c751e8b465ee728b)  -> (artifact id: '153e86e2244fe60829d4c14f2b84fe24') in 0.119141 seconds 
========================================================================
Received Import Request.
  Time since last request: 408.699816 seconds.
  path: Assets/Atilla/Textures/CrystalWorld_v1.1/02. Crystal World/rocks.png
  artifactKey: Guid(aaee037bd1087ed478d9aa86b3300b0e) Importer(815301076,1909f56bfc062723c751e8b465ee728b)
Start importing Assets/Atilla/Textures/CrystalWorld_v1.1/02. Crystal World/rocks.png using Guid(aaee037bd1087ed478d9aa86b3300b0e) Importer(815301076,1909f56bfc062723c751e8b465ee728b)  -> (artifact id: '6367bdaf43d33a6a28a40ab7fbfd808b') in 0.087240 seconds 
========================================================================
Received Import Request.
  Time since last request: 11.407173 seconds.
  path: Assets/Atilla/Textures/CrystalWorld_v1.1/02. Crystal World/rocks.png
  artifactKey: Guid(aaee037bd1087ed478d9aa86b3300b0e) Importer(815301076,1909f56bfc062723c751e8b465ee728b)
Start importing Assets/Atilla/Textures/CrystalWorld_v1.1/02. Crystal World/rocks.png using Guid(aaee037bd1087ed478d9aa86b3300b0e) Importer(815301076,1909f56bfc062723c751e8b465ee728b)  -> (artifact id: 'fea63429cbedcaae88a8fc7c1a5612a8') in 0.080301 seconds 
========================================================================
Received Import Request.
  Time since last request: 167.189998 seconds.
  path: Assets/Atilla/Textures/CrystalWorld_v1.1/GUI
  artifactKey: Guid(62d1695511b724c49bf8e0631dff2980) Importer(815301076,1909f56bfc062723c751e8b465ee728b)
Start importing Assets/Atilla/Textures/CrystalWorld_v1.1/GUI using Guid(62d1695511b724c49bf8e0631dff2980) Importer(815301076,1909f56bfc062723c751e8b465ee728b)  -> (artifact id: '6c13382d25e98f5882ab9e4a2a29cdac') in 0.010759 seconds 
========================================================================
Received Import Request.
  Time since last request: 0.030415 seconds.
  path: Assets/Atilla/Textures/CrystalWorld_v1.1/GUI/Gui.png
  artifactKey: Guid(2aa97b2c90df51145b6b32b52dc7e40f) Importer(815301076,1909f56bfc062723c751e8b465ee728b)
Start importing Assets/Atilla/Textures/CrystalWorld_v1.1/GUI/Gui.png using Guid(2aa97b2c90df51145b6b32b52dc7e40f) Importer(815301076,1909f56bfc062723c751e8b465ee728b)  -> (artifact id: '1bdd04d205a3ab81f43c5ef79fb61758') in 0.017341 seconds 
========================================================================
Received Import Request.
  Time since last request: 1.587086 seconds.
  path: Assets/Atilla/Textures/CrystalWorld_v1.1/GUI/PSD
  artifactKey: Guid(209e70bf4a9fd8c4d945ef9f51a13552) Importer(815301076,1909f56bfc062723c751e8b465ee728b)
Start importing Assets/Atilla/Textures/CrystalWorld_v1.1/GUI/PSD using Guid(209e70bf4a9fd8c4d945ef9f51a13552) Importer(815301076,1909f56bfc062723c751e8b465ee728b)  -> (artifact id: 'ab4166037ce2bdedb10d4edae428329e') in 0.010285 seconds 
========================================================================
Received Import Request.
  Time since last request: 0.024743 seconds.
  path: Assets/Atilla/Textures/CrystalWorld_v1.1/GUI/PSD/Gui.psd
  artifactKey: Guid(4fd41b0ecb187f54eae8090d010aa90c) Importer(815301076,1909f56bfc062723c751e8b465ee728b)
Start importing Assets/Atilla/Textures/CrystalWorld_v1.1/GUI/PSD/Gui.psd using Guid(4fd41b0ecb187f54eae8090d010aa90c) Importer(815301076,1909f56bfc062723c751e8b465ee728b)  -> (artifact id: 'f9e458a66981cd96bb2bbabb0d03b7fb') in 0.008021 seconds 
========================================================================
Received Import Request.
  Time since last request: 2.791874 seconds.
  path: Assets/Atilla/Textures/CrystalWorld_v1.1/Sprites/Enemy04
  artifactKey: Guid(09a3f6a3f0520574487672912d823526) Importer(815301076,1909f56bfc062723c751e8b465ee728b)
Start importing Assets/Atilla/Textures/CrystalWorld_v1.1/Sprites/Enemy04 using Guid(09a3f6a3f0520574487672912d823526) Importer(815301076,1909f56bfc062723c751e8b465ee728b)  -> (artifact id: '08d81afd2b37d6df0f5a30affb82262e') in 0.010702 seconds 
========================================================================
Received Import Request.
  Time since last request: 0.032531 seconds.
  path: Assets/Atilla/Textures/CrystalWorld_v1.1/Sprites/Enemy04/attack01.png
  artifactKey: Guid(d4a96754950d56b45b6d32c4bc2ad4a9) Importer(815301076,1909f56bfc062723c751e8b465ee728b)
Start importing Assets/Atilla/Textures/CrystalWorld_v1.1/Sprites/Enemy04/attack01.png using Guid(d4a96754950d56b45b6d32c4bc2ad4a9) Importer(815301076,1909f56bfc062723c751e8b465ee728b)  -> (artifact id: 'bd333b957c80c51662a996815ac57b16') in 0.020449 seconds 
========================================================================
Received Import Request.
  Time since last request: 0.000025 seconds.
  path: Assets/Atilla/Textures/CrystalWorld_v1.1/Sprites/Enemy04/idle04.png
  artifactKey: Guid(4905c98e3c76ff249affe8b95f89ceab) Importer(815301076,1909f56bfc062723c751e8b465ee728b)
Start importing Assets/Atilla/Textures/CrystalWorld_v1.1/Sprites/Enemy04/idle04.png using Guid(4905c98e3c76ff249affe8b95f89ceab) Importer(815301076,1909f56bfc062723c751e8b465ee728b)  -> (artifact id: 'be89ea6e9dcffce4785f8739bff708ba') in 0.017212 seconds 
========================================================================
Received Import Request.
  Time since last request: 0.000018 seconds.
  path: Assets/Atilla/Textures/CrystalWorld_v1.1/Sprites/Enemy04/jump_mid04.png
  artifactKey: Guid(8226a820d9495764db8312958755bfeb) Importer(815301076,1909f56bfc062723c751e8b465ee728b)
Start importing Assets/Atilla/Textures/CrystalWorld_v1.1/Sprites/Enemy04/jump_mid04.png using Guid(8226a820d9495764db8312958755bfeb) Importer(815301076,1909f56bfc062723c751e8b465ee728b)  -> (artifact id: 'a66ff1f054091698434b3d3f9d9259d6') in 0.018172 seconds 
========================================================================
Received Import Request.
  Time since last request: 0.000033 seconds.
  path: Assets/Atilla/Textures/CrystalWorld_v1.1/Sprites/Enemy04/walk06.png
  artifactKey: Guid(0cf53b1f0ef92f3478888d33023473d0) Importer(815301076,1909f56bfc062723c751e8b465ee728b)
Start importing Assets/Atilla/Textures/CrystalWorld_v1.1/Sprites/Enemy04/walk06.png using Guid(0cf53b1f0ef92f3478888d33023473d0) Importer(815301076,1909f56bfc062723c751e8b465ee728b)  -> (artifact id: '05c83ae6ae4c32e8ab477c6d60ec5159') in 0.018615 seconds 
========================================================================
Received Import Request.
  Time since last request: 0.000026 seconds.
  path: Assets/Atilla/Textures/CrystalWorld_v1.1/Sprites/Enemy04/attack05.png
  artifactKey: Guid(8a6f9562f1284914285b4c0c1d540b28) Importer(815301076,1909f56bfc062723c751e8b465ee728b)
Start importing Assets/Atilla/Textures/CrystalWorld_v1.1/Sprites/Enemy04/attack05.png using Guid(8a6f9562f1284914285b4c0c1d540b28) Importer(815301076,1909f56bfc062723c751e8b465ee728b)  -> (artifact id: 'd0f567ceac125cb01f46adf614b68f96') in 0.020346 seconds 
========================================================================
Received Import Request.
  Time since last request: 0.000027 seconds.
  path: Assets/Atilla/Textures/CrystalWorld_v1.1/Sprites/Enemy04/hit01.png
  artifactKey: Guid(cdf0e0ec19fcc6341b12d50f3cb6d15d) Importer(815301076,1909f56bfc062723c751e8b465ee728b)
Start importing Assets/Atilla/Textures/CrystalWorld_v1.1/Sprites/Enemy04/hit01.png using Guid(cdf0e0ec19fcc6341b12d50f3cb6d15d) Importer(815301076,1909f56bfc062723c751e8b465ee728b)  -> (artifact id: 'f41f818df0705d6c95bf4b52fca1f370') in 0.020497 seconds 
========================================================================
Received Import Request.
  Time since last request: 0.000023 seconds.
  path: Assets/Atilla/Textures/CrystalWorld_v1.1/Sprites/Enemy04/jump_landing.png
  artifactKey: Guid(926e7923bbd86c048b4209a8b8ba5035) Importer(815301076,1909f56bfc062723c751e8b465ee728b)
Start importing Assets/Atilla/Textures/CrystalWorld_v1.1/Sprites/Enemy04/jump_landing.png using Guid(926e7923bbd86c048b4209a8b8ba5035) Importer(815301076,1909f56bfc062723c751e8b465ee728b)  -> (artifact id: '4ff18a215c60853f2a669d3ab8c11bb4') in 0.018366 seconds 
========================================================================
Received Import Request.
  Time since last request: 0.000064 seconds.
  path: Assets/Atilla/Textures/CrystalWorld_v1.1/Sprites/Enemy04/walk02.png
  artifactKey: Guid(3942650a067069a4ca58533b0608ec60) Importer(815301076,1909f56bfc062723c751e8b465ee728b)
Start importing Assets/Atilla/Textures/CrystalWorld_v1.1/Sprites/Enemy04/walk02.png using Guid(3942650a067069a4ca58533b0608ec60) Importer(815301076,1909f56bfc062723c751e8b465ee728b)  -> (artifact id: 'a06764ab85794e4333d2db232aa433aa') in 0.017572 seconds 
========================================================================
Received Import Request.
  Time since last request: 0.000032 seconds.
  path: Assets/Atilla/Textures/CrystalWorld_v1.1/Sprites/Enemy04/idle05.png
  artifactKey: Guid(a63f9028a0ff7684d844d2e189452048) Importer(815301076,1909f56bfc062723c751e8b465ee728b)
Start importing Assets/Atilla/Textures/CrystalWorld_v1.1/Sprites/Enemy04/idle05.png using Guid(a63f9028a0ff7684d844d2e189452048) Importer(815301076,1909f56bfc062723c751e8b465ee728b)  -> (artifact id: 'b3a53f76e747fe271a76ba65e85953ae') in 0.016996 seconds 
========================================================================
Received Import Request.
  Time since last request: 0.000019 seconds.
  path: Assets/Atilla/Textures/CrystalWorld_v1.1/Sprites/Enemy04/hit03.png
  artifactKey: Guid(64072de6c1918e64b8e71a960d3f1ffc) Importer(815301076,1909f56bfc062723c751e8b465ee728b)
Start importing Assets/Atilla/Textures/CrystalWorld_v1.1/Sprites/Enemy04/hit03.png using Guid(64072de6c1918e64b8e71a960d3f1ffc) Importer(815301076,1909f56bfc062723c751e8b465ee728b)  -> (artifact id: 'e23f1e155f3db798dee4bd4729e28739') in 0.019064 seconds 
========================================================================
Received Import Request.
  Time since last request: 0.000024 seconds.
  path: Assets/Atilla/Textures/CrystalWorld_v1.1/Sprites/Enemy04/attack04.png
  artifactKey: Guid(fbe17c2290e1ad94fb7f1fa95b23d327) Importer(815301076,1909f56bfc062723c751e8b465ee728b)
Start importing Assets/Atilla/Textures/CrystalWorld_v1.1/Sprites/Enemy04/attack04.png using Guid(fbe17c2290e1ad94fb7f1fa95b23d327) Importer(815301076,1909f56bfc062723c751e8b465ee728b)  -> (artifact id: 'bd55c34f2f46f85ecb12834fab03553c') in 0.021832 seconds 
========================================================================
Received Import Request.
  Time since last request: 0.000020 seconds.
  path: Assets/Atilla/Textures/CrystalWorld_v1.1/Sprites/Enemy04/walk04.png
  artifactKey: Guid(6074be0184a4d0f4bb890bf7b7fddfad) Importer(815301076,1909f56bfc062723c751e8b465ee728b)
Start importing Assets/Atilla/Textures/CrystalWorld_v1.1/Sprites/Enemy04/walk04.png using Guid(6074be0184a4d0f4bb890bf7b7fddfad) Importer(815301076,1909f56bfc062723c751e8b465ee728b)  -> (artifact id: 'cba11affe90a7b60d618a931c0606eee') in 0.018390 seconds 
========================================================================
Received Import Request.
  Time since last request: 0.000023 seconds.
  path: Assets/Atilla/Textures/CrystalWorld_v1.1/Sprites/Enemy04/idle03.png
  artifactKey: Guid(332f9d074b87c164c995aba161bb5085) Importer(815301076,1909f56bfc062723c751e8b465ee728b)
Start importing Assets/Atilla/Textures/CrystalWorld_v1.1/Sprites/Enemy04/idle03.png using Guid(332f9d074b87c164c995aba161bb5085) Importer(815301076,1909f56bfc062723c751e8b465ee728b)  -> (artifact id: 'ed1ccddcf703895e7e68d30c22f60400') in 0.018741 seconds 
========================================================================
Received Import Request.
  Time since last request: 0.000020 seconds.
  path: Assets/Atilla/Textures/CrystalWorld_v1.1/Sprites/Enemy04/jump_mid01.png
  artifactKey: Guid(84cb51d8d50752944a5ffccfa8555d16) Importer(815301076,1909f56bfc062723c751e8b465ee728b)
Start importing Assets/Atilla/Textures/CrystalWorld_v1.1/Sprites/Enemy04/jump_mid01.png using Guid(84cb51d8d50752944a5ffccfa8555d16) Importer(815301076,1909f56bfc062723c751e8b465ee728b)  -> (artifact id: '44330a2f94edbee591d781fbb7bbcf81') in 0.016686 seconds 
========================================================================
Received Import Request.
  Time since last request: 0.000035 seconds.
  path: Assets/Atilla/Textures/CrystalWorld_v1.1/Sprites/Enemy04/walk05.png
  artifactKey: Guid(c9c1e0b3dc0f93c4c940fced04ad9bed) Importer(815301076,1909f56bfc062723c751e8b465ee728b)
Start importing Assets/Atilla/Textures/CrystalWorld_v1.1/Sprites/Enemy04/walk05.png using Guid(c9c1e0b3dc0f93c4c940fced04ad9bed) Importer(815301076,1909f56bfc062723c751e8b465ee728b)  -> (artifact id: '77d0ef830e452ccdc52d1af866e7e682') in 0.016315 seconds 
========================================================================
Received Import Request.
  Time since last request: 1.937967 seconds.
  path: Assets/Atilla/Textures/CrystalWorld_v1.1/Sprites/Enemy04/PSD
  artifactKey: Guid(a2bd81d6789dfb144b1407260524c251) Importer(815301076,1909f56bfc062723c751e8b465ee728b)
Start importing Assets/Atilla/Textures/CrystalWorld_v1.1/Sprites/Enemy04/PSD using Guid(a2bd81d6789dfb144b1407260524c251) Importer(815301076,1909f56bfc062723c751e8b465ee728b)  -> (artifact id: 'e4bf10ca50edd192412924b5842e2dee') in 0.011206 seconds 
========================================================================
Received Import Request.
  Time since last request: 0.033625 seconds.
  path: Assets/Atilla/Textures/CrystalWorld_v1.1/Sprites/Enemy04/PSD/enemy04.psd
  artifactKey: Guid(e3778c9a7870ab54ebc99a4fece60e5d) Importer(815301076,1909f56bfc062723c751e8b465ee728b)
Start importing Assets/Atilla/Textures/CrystalWorld_v1.1/Sprites/Enemy04/PSD/enemy04.psd using Guid(e3778c9a7870ab54ebc99a4fece60e5d) Importer(815301076,1909f56bfc062723c751e8b465ee728b)  -> (artifact id: '4be1343ae926773e2cbfeddde1f5f69d') in 0.014646 seconds 
========================================================================
Received Import Request.
  Time since last request: 9.968659 seconds.
  path: Assets/Atilla/Textures/CrystalWorld_v1.1/Sprites/Enemy05
  artifactKey: Guid(7c846d2ca98c08f409d2df08850144ab) Importer(815301076,1909f56bfc062723c751e8b465ee728b)
Start importing Assets/Atilla/Textures/CrystalWorld_v1.1/Sprites/Enemy05 using Guid(7c846d2ca98c08f409d2df08850144ab) Importer(815301076,1909f56bfc062723c751e8b465ee728b)  -> (artifact id: '8599f8a8906835784aca24113d7f2bce') in 0.011460 seconds 
========================================================================
Received Import Request.
  Time since last request: 0.026811 seconds.
  path: Assets/Atilla/Textures/CrystalWorld_v1.1/Sprites/Enemy05/attack01.png
  artifactKey: Guid(3754bde05f1cd1e43a5408a7640d1566) Importer(815301076,1909f56bfc062723c751e8b465ee728b)
Start importing Assets/Atilla/Textures/CrystalWorld_v1.1/Sprites/Enemy05/attack01.png using Guid(3754bde05f1cd1e43a5408a7640d1566) Importer(815301076,1909f56bfc062723c751e8b465ee728b)  -> (artifact id: 'f3011abd727600a9ebb9b447a8b56895') in 0.015576 seconds 
========================================================================
Received Import Request.
  Time since last request: 0.000028 seconds.
  path: Assets/Atilla/Textures/CrystalWorld_v1.1/Sprites/Enemy05/idle09.png
  artifactKey: Guid(0b9e95477f9108044afa4d27c771ea48) Importer(815301076,1909f56bfc062723c751e8b465ee728b)
Start importing Assets/Atilla/Textures/CrystalWorld_v1.1/Sprites/Enemy05/idle09.png using Guid(0b9e95477f9108044afa4d27c771ea48) Importer(815301076,1909f56bfc062723c751e8b465ee728b)  -> (artifact id: 'f7c2ca5ec30b9e18ef3950a62de255aa') in 0.018917 seconds 
========================================================================
Received Import Request.
  Time since last request: 0.000031 seconds.
  path: Assets/Atilla/Textures/CrystalWorld_v1.1/Sprites/Enemy05/walk06.png
  artifactKey: Guid(62f54f7284ecb25479e78a3b1a7c82b6) Importer(815301076,1909f56bfc062723c751e8b465ee728b)
Start importing Assets/Atilla/Textures/CrystalWorld_v1.1/Sprites/Enemy05/walk06.png using Guid(62f54f7284ecb25479e78a3b1a7c82b6) Importer(815301076,1909f56bfc062723c751e8b465ee728b)  -> (artifact id: '1ecf03634c2ce9d2ea5726ef2b576dd7') in 0.018139 seconds 
========================================================================
Received Import Request.
  Time since last request: 0.000018 seconds.
  path: Assets/Atilla/Textures/CrystalWorld_v1.1/Sprites/Enemy05/idle01.png
  artifactKey: Guid(2036e27aa4c55bc45828f933344f67ff) Importer(815301076,1909f56bfc062723c751e8b465ee728b)
Start importing Assets/Atilla/Textures/CrystalWorld_v1.1/Sprites/Enemy05/idle01.png using Guid(2036e27aa4c55bc45828f933344f67ff) Importer(815301076,1909f56bfc062723c751e8b465ee728b)  -> (artifact id: '9626b2b1c5e0d4e496e97b879b86fe90') in 0.016898 seconds 
========================================================================
Received Import Request.
  Time since last request: 0.000023 seconds.
  path: Assets/Atilla/Textures/CrystalWorld_v1.1/Sprites/Enemy05/idle06.png
  artifactKey: Guid(be897a4d9bf94dc468afcb5684a5a904) Importer(815301076,1909f56bfc062723c751e8b465ee728b)
Start importing Assets/Atilla/Textures/CrystalWorld_v1.1/Sprites/Enemy05/idle06.png using Guid(be897a4d9bf94dc468afcb5684a5a904) Importer(815301076,1909f56bfc062723c751e8b465ee728b)  -> (artifact id: '2a4d63e956f938cc0e5db2c3dded1cb5') in 0.016151 seconds 
========================================================================
Received Import Request.
  Time since last request: 0.000034 seconds.
  path: Assets/Atilla/Textures/CrystalWorld_v1.1/Sprites/Enemy05/walk02.png
  artifactKey: Guid(86d4f7946908762438be28e15a9a49fb) Importer(815301076,1909f56bfc062723c751e8b465ee728b)
Start importing Assets/Atilla/Textures/CrystalWorld_v1.1/Sprites/Enemy05/walk02.png using Guid(86d4f7946908762438be28e15a9a49fb) Importer(815301076,1909f56bfc062723c751e8b465ee728b)  -> (artifact id: '41c9bf29478f5f393c7f320490bcd5ce') in 0.019245 seconds 
========================================================================
Received Import Request.
  Time since last request: 0.000036 seconds.
  path: Assets/Atilla/Textures/CrystalWorld_v1.1/Sprites/Enemy05/idle07.png
  artifactKey: Guid(74ea623aafac2824a996fc1134f7b025) Importer(815301076,1909f56bfc062723c751e8b465ee728b)
Start importing Assets/Atilla/Textures/CrystalWorld_v1.1/Sprites/Enemy05/idle07.png using Guid(74ea623aafac2824a996fc1134f7b025) Importer(815301076,1909f56bfc062723c751e8b465ee728b)  -> (artifact id: '6c44bcc16faef516fcefadf5df2cc42d') in 0.018093 seconds 
========================================================================
Received Import Request.
  Time since last request: 0.000029 seconds.
  path: Assets/Atilla/Textures/CrystalWorld_v1.1/Sprites/Enemy05/attack04.png
  artifactKey: Guid(dd7edc1de1fc34f44917bdfcf8567b54) Importer(815301076,1909f56bfc062723c751e8b465ee728b)
Start importing Assets/Atilla/Textures/CrystalWorld_v1.1/Sprites/Enemy05/attack04.png using Guid(dd7edc1de1fc34f44917bdfcf8567b54) Importer(815301076,1909f56bfc062723c751e8b465ee728b)  -> (artifact id: 'e85485c957a5bc1d7bfce36a0c0dfac0') in 0.020344 seconds 
========================================================================
Received Import Request.
  Time since last request: 0.000028 seconds.
  path: Assets/Atilla/Textures/CrystalWorld_v1.1/Sprites/Enemy05/walk01.png
  artifactKey: Guid(4c28fc7e957f4da408c224e0f893d8aa) Importer(815301076,1909f56bfc062723c751e8b465ee728b)
Start importing Assets/Atilla/Textures/CrystalWorld_v1.1/Sprites/Enemy05/walk01.png using Guid(4c28fc7e957f4da408c224e0f893d8aa) Importer(815301076,1909f56bfc062723c751e8b465ee728b)  -> (artifact id: 'f70e08c2204ac9320fcdc8f8b3e18280') in 0.018224 seconds 
Editor requested this worker to shutdown with reason: Scaling down because of idle timeout
AssetImportWorker is now disconnected from the server
Process exiting
Exiting without the bug reporter. Application will terminate with return code 0